DRULUFDBLBRF
DRULUBDFLFRB
DRULFUBDLBRF
DRULFUBDBLFR
DRULFLBRUBDF
DRULBUFDLFRB
DRULBUFDFLBR
DRULBLFRUFDB
DRUFUFDBRFLB
DRUFDBRDLBUF
DRUFLBULDBRF
DRUFRFLBUFDB
DRUBDFRDLFUB
DRUBLFULDFRB
DRUBRBLFUBDF
DRDLFUFULDRB
DRDLFUFLURDB
DRDLBUBULDRF
DRDLBUBLURDF
DRDFLULFURDB
DRDFLUFULDBR
DRDFLDBLBURF
DRDFLBDBLFUR
DRDBLULBURDF
DRDBLUBULDFR
DRDBLDFLFURB
DRDBLFDFLBUR
DRFULDLDFRUB
DRFULDFDLBUR
DRFULBULBDRF
DRFULBUBLDFR
DRFULBLUBRDF
DRFUBDRDLBUF
DRFUBLULBDFR
DRFDBRULUBDF
DRFLUBULBRDF
DRFRUFULBLDR
DRBULDLDBRUF
DRBULDBDLFUR
DRBULFULFDRB
DRBULFUFLDBR
DRBULFLUFRDB
DRBUFDRDLFUB
DRBUFLULFDBR
DRBDFRULUFDB
DRBLUFULFRDB
DRBRUBULFLDR
DFULULDRFLBR
DFULFLBRULDR
DFURDLFDBLUR
DFURBLUBDLFR
DFUBURDLBLFR
DFUBLURDRBLF
DFUBRULDLBRF
DFUBRULDBLFR
DFUBRBLFULDR
DFDLBULUBDRF
DFDLBUBLUFDR
DFDLBRDRBLUF
DFDRBURUBDLF
DFDRBDLBLUFR
DFDRBLDLBRUF
DFDBLULUBDFR
DFDBLULBUFDR
DFLURDRDLFUB
DFLURBUBRDLF
DFLUBDLDBRUF
DFLUBDBDLFUR
DFLUBRURBDLF
DFLFULUBRBDF
DFRULDLDRFUB
DFRULDFDBLUR
DFRULBUBLDRF
DFRUBDRDBLUF
DFRUBLULBDRF
DFRUBLUBLDFR
DFRUBLBULFDR
DFRDLFUBULDR
DFRFURUBLBDF
DFRBULUBLFDR
LULDFRFDRULB
LULDFRFRDLUB
LULDBRBDRULF
LULDBRBRDLUF
LULFDLBDBRUF
LULFDRDFRULB
LULFDRFRDLBU
LULFDBLBDFRU
LULBDLFDFRUB
LULBDRDBRULF
LULBDRBRDLFU
LULBDFLFDBRU
LURDFDBURBLF
LURDFRBLDBUF
LURDFRBLBDFU
LURDBDFURFLB
LURDBRFLDFUB
LURDBRFLFDBU
LURFUFDBRFLB
LURFDBRDLBUF
LURFLBULDBRF
LURFRFLBUFDB
LURBDFRDLFUB
LURBLFULDFRB
LURBRBLFUBDF
LUFURFRDBDLU
LUFDRBRDBULF
LUFLBURDRBLF
LUFRDLDLFURB
LUFRDLFLDBRU
LUFRDBDRBULF
LUFRDBRDBLUF
LUFRDBRBDLFU
LUFRBDRDBLFU
LUFRBLULDBRF
LUBURBRDFDLU
LUBDRFRDFULB
LUBLFURDRFLB
LUBRDLDLBURF
LUBRDLBLDFRU
LUBRDFDRFULB
LUBRDFRDFLUB
LUBRDFRFDLBU
LUBRFDRDFLBU
LUBRFLULDFRB
LDLUFRFURDLB
LDLUFRFRULDB
LDLUBRBURDLF
LDLUBRBRULDF
LDLFULBUBRDF
LDLFURUFRDLB
LDLBULFUFRDB
LDLBURUBRDLF
LDRURFLBUBDF
LDRURBLFUFDB
LDRUFUBDRBLF
LDRUFRBLUBDF
LDRUBUFDRFLB
LDRUBRFLUFDB
LDRFUBRULBDF
LDRFDFUBRFLB
LDRFLBDLUBRF
LDRFRFLBDFUB
LDRBUFRULFDB
LDRBLFDLUFRB
LDRBRBLFDBUF
LDFURBRUBDLF
LDFLBDRURBLF
LDFRULULFDRB
LDFRUBURBDLF
LDFRUBRUBLDF
LDFRBLDLUBRF
LDFRBLBLFDRU
LDBURFRUFDLB
LDBLFDRURFLB
LDBRULULBDRF
LDBRUFURFDLB
LDBRUFRUFLDB
LDBRFLDLUFRB
LDBRFLFLBDRU
LFULDFRBRDLU
LFURDLDLUFRB
LFURDLFLBDRU
LFURDBRBDLUF
LFURBDRDBLUF
LFURBDRBDLFU
LFURBDBRDFLU
LFURBLULBDRF
LFUFRURBDBLF
LFUBRDRBDFLU
LFDRULULDFRB
LFDRUBRBULDF
LFDRBURUBLDF
LFDRBLDLBURF
LFDRBLBLDFRU
LFDFRDRBUBLF
LFLUBDLDBURF
LFLUBLDBDRFU
LFLUBRURBLDF
LFLDBULUBDRF
LFLDBRDRBLUF
LFLDBRBDRFLU
LFLBDRDRBLFU
LFLBDRDBRFLU
LFRULDFLBDRU
LFRUBDRBLDFU
LFRDRDLUFDBU
LFRDFDBURDLU
LBULDBRFRDLU
LBURDLDLUBRF
LBURDLBLFDRU
LBURDFRFDLUB
LBURFDRDFLUB
LBURFDRFDLBU
LBURFDFRDBLU
LBURFLULFDRB
LBUFRDRFDBLU
LBUBRURFDFLB
LBDRULULDBRF
LBDRUFRFULDB
LBDRFURUFLDB
LBDRFLDLFURB
LBDRFLFLDBRU
LBDBRDRFUFLB
LBLUFDLDFURB
LBLUFLDFDRBU
LBLUFRURFLDB
LBLDFULUFDRB
LBLDFRDRFLUB
LBLDFRFDRBLU
LBLFDRDRFLBU
LBLFDRDFRBLU
LBRULDBLFDRU
LBRUFDRFLDBU
LBRDRDLUBDFU
LBRDBDFURDLU
FULUBLBDRDFU
FULFDLBDRBUF
FULFRUBDRBLF
FULBDRDRBULF
FULBDRBRDFLU
FULBDFDFLUBR
FULBDFLFDRBU
FULBRDBDRFLU
FURUBRBDLDFU
FURDBLBDLUFR
FURFDRBDLBUF
FURFLUBDLBRF
FURFLUBDBLFR
FURBDLDLBURF
FURBDLDBLUFR
FURBDLBDLFUR
FURBDLBLDFRU
FURBDFRFDLBU
FURBLDBDLFRU
FURBLFUFDLBR
FUFDLBLDBUFR
FUFDLBLBDFUR
FUFLDLBDBRUF
FUFLDRFRDLBU
FUFLDBDLBUFR
FUFLDBLBDFRU
FUFRDLFLDRBU
FUFRDRBDBLUF
FUFRDFLDLBUR
FUFRDBRBDFLU
FUBLULDRBLFR
FUBLBLFRULDR
FUBRDLBDFLUR
FUBRFLUFDLBR
FDLFULBURBDF
FDLFRDBURBLF
FDLBURURBDLF
FDLBUFUFLDBR
FDLBRFRFLDBU
FDRUBLBULDFR
FDRFURBULBDF
FDRFLDBULBRF
FDRFLDBUBLFR
FDRBULULBDRF
FDRBULUBLDFR
FDRBULBULFDR
FDRBLFDFULBR
FDRBLFLFRDBU
FDFULBLUBDFR
FDFULBLBUFDR
FDFLULBUBRDF
FDFLUBULBDFR
FDFRURBUBLDF
FDFRUFLULBDR
FLURBDBRDLFU
FLUFDLBRDBUF
FLUFDLBRBDFU
FLUFRUBRDBLF
FLUBDFDFULBR
FLUBDFLFRDBU
FLUBRDRDBLUF
FLUBRDRBDLFU
FLUBRDBRDFLU
FLDFULBRUBDF
FLDFRDBRUBLF
FLDBUFUFDLBR
FLDBRURUBLDF
FLDBRFRFDLBU
FLFURUBRBDLF
FLFURFDRDBLU
FLFDRDBRBULF
FLFDRBRDBLFU
FLFRDBDRBLFU
FLFRDBDBRFLU
FLBURDBRFDLU
FLBUFDLFRDBU
FLBDLDRUBDFU
FLBDBDFULDRU
FLBRURDLBDFU
FLBRUBDFRDLU
FRULBDBLDRFU
FRURBUBLDLFR
FRUFDRBLDBUF
FRUFDRBLBDFU
FRUFLUBLDBRF
FRUBDLBLDFUR
FRUBDFRFLDBU
FRUBLDLDBRUF
FRUBLDLBDRFU
FRUBLDBDLFUR
FRUBLDBLDFRU
FRUBLFUFLDBR
FRDRBDBLULFR
FRDFURBLUBDF
FRDFLDBLUBRF
FRDBULBLUFDR
FRDBLULUBRDF
FRDBLUBULFDR
FRDBLFDFLUBR
FRDBLFLFDRBU
FRFULUBLBDRF
FRFULDFDLUBR
FRFULFDLDBRU
FRFULBUBLFDR
FRFDLUFULDBR
FRFDLDBLBURF
FRFDLBDBLFUR
FRFDLBLDBRFU
FRFLDBDLBRFU
FRFLDBDBLFRU
BULUFLFDRDBU
BULFDRDRFULB
BULFDRFRDBLU
BULFDBDBLUFR
BULFDBLBDRFU
BULFRDFDRBLU
BULBDLFDRFUB
BULBRUFDRFLB
BURUFRFDLDBU
BURDFLFDLUBR
BURFDLDLFURB
BURFDLDFLUBR
BURFDLFDLBUR
BURFDLFLDBRU
BURFDBRBDLFU
BURFLDFDLBRU
BURFLBUBDLFR
BURBDRFDLFUB
BURBLUFDLFRB
BURBLUFDFLBR
BUFDLFRBRDLU
BUFDRDLUFLBR
BUFDRFLBDLUR
BUFDRFLBLDRU
BUFDFRBLDLUR
BUFLULDRFLBR
BUFLFLBRULDR
BUFRDLFDBLUR
BUFRBLUBDLFR
BUBDLFLDFUBR
BUBDLFLFDBUR
BUBLDLFDFRUB
BUBLDRBRDLFU
BUBLDFDLFUBR
BUBLDFLFDBRU
BUBRDLBLDRFU
BUBRDRFDFLUB
BUBRDFRFDBLU
BUBRDBLDLFUR
BLURFDFRDLBU
BLUFDBDBULFR
BLUFDBLBRDFU
BLUFRDRDFLUB
BLUFRDRFDLBU
BLUFRDFRDBLU
BLUBDLFRDFUB
BLUBDLFRFDBU
BLUBRUFRDFLB
BLDFUBUBDLFR
BLDFRURUFLDB
BLDFRBRBDLFU
BLDBULFRUFDB
BLDBRDFRUFLB
BLFURDFRBDLU
BLFUBDLBRDFU
BLFDLDRUFDBU
BLFDFDBULDRU
BLFRURDLFDBU
BLFRUFDBRDLU
BLFRFUBDRDLU
BLBURUFRFDLB
BLBURBDRDFLU
BLBDRDFRFULB
BLBDRFRDFLBU
BLBRDFDRFLBU
BLBRDFDFRBLU
