99995 1 99995
49996 99995 49996
25000 99350020 25000
16663 50500000 16663
9998 81500000 9998
8332 37000000 8332
6250 84000000 6250
5555 0 5555
4545 0 4545
3571 0 3571
3333 0 3333
2777 0 2777
2500 0 2500
2381 0 2381
2173 0 2173
1922 0 1922
1723 0 1723
1666 0 1666
1515 0 1515
1428 0 1428
1388 0 1388
1282 0 1282
1219 0 1219
1136 0 1136
1041 0 1041
1000 0 1000
980 0 980
943 0 943
926 0 926
892 0 892
794 0 794
769 0 769
735 0 735
725 0 725
676 0 676
667 0 667
641 0 641
617 0 617
602 0 602
582 0 582
562 0 562
556 0 556
526 0 526
521 0 521
510 0 510
505 0 505
476 0 476
451 0 451
442 0 442
438 0 438
431 0 431
420 0 420
416 0 416
400 0 400
391 0 391
382 0 382
373 0 373
371 0 371
363 0 363
357 0 357
355 0 355
343 0 343
327 0 327
323 0 323
321 0 321
316 0 316
303 0 303
297 0 297
289 0 289
287 0 287
284 0 284
279 0 279
273 0 273
269 0 269
264 0 264
262 0 262
258 0 258
252 0 252
250 0 250
245 0 245
239 0 239
238 0 238
233 0 233
231 0 231
228 0 228
226 0 226
223 0 223
219 0 219
217 0 217
216 0 216
215 0 215
209 0 209
206 0 206
204 0 204
201 0 201
199 0 199
197 0 197
192 0 192
192 0 192
185 0 185
183 0 183
180 0 180
178 0 178
176 0 176
176 0 176
174 0 174
171 0 171
169 0 169
167 0 167
167 0 167
165 0 165
164 0 164
163 0 163
162 0 162
159 0 159
157 0 157
156 0 156
155 0 155
154 0 154
152 0 152
152 0 152
149 0 149
148 0 148
147 0 147
145 0 145
143 0 143
142 0 142
140 0 140
138 0 138
137 0 137
136 0 136
135 0 135
134 0 134
133 0 133
132 0 132
131 0 131
130 0 130
128 0 128
126 0 126
124 0 124
124 0 124
122 0 122
122 0 122
121 0 121
121 0 121
120 0 120
118 0 118
117 0 117
117 0 117
116 0 116
115 0 115
114 0 114
114 0 114
113 0 113
111 0 111
110 0 110
109 0 109
108 0 108
107 0 107
107 0 107
106 0 106
105 0 105
104 0 104
103 0 103
103 0 103
102 0 102
101 0 101
101 0 101
100 0 100
99 0 99
99 0 99
98 0 98
97 0 97
97 0 97
97 0 97
96 0 96
96 0 96
95 0 95
95 0 95
94 0 94
92 0 92
92 0 92
92 0 92
92 0 92
91 0 91
91 0 91
90 0 90
90 0 90
89 0 89
87 0 87
87 0 87
86 0 86
86 0 86
85 0 85
85 0 85
84 0 84
84 0 84
83 0 83
83 0 83
82 0 82
82 0 82
82 0 82
81 0 81
81 0 81
80 0 80
79 0 79
79 0 79
78 0 78
78 0 78
78 0 78
78 0 78
77 0 77
77 0 77
77 0 77
76 0 76
76 0 76
76 0 76
74 0 74
74 0 74
73 0 73
73 0 73
72 0 72
71 0 71
71 0 71
71 0 71
70 0 70
70 0 70
70 0 70
70 0 70
69 0 69
69 0 69
69 0 69
68 0 68
68 0 68
68 0 68
68 0 68
68 0 68
67 0 67
67 0 67
67 0 67
66 0 66
66 0 66
65 0 65
65 0 65
65 0 65
65 0 65
64 0 64
64 0 64
64 0 64
64 0 64
63 0 63
63 0 63
63 0 63
63 0 63
62 0 62
62 0 62
62 0 62
62 0 62
62 0 62
61 0 61
61 0 61
60 0 60
60 0 60
60 0 60
59 0 59
59 0 59
59 0 59
59 0 59
59 0 59
58 0 58
58 0 58
58 0 58
58 0 58
57 0 57
57 0 57
57 0 57
56 0 56
56 0 56
56 0 56
56 0 56
55 0 55
55 0 55
55 0 55
54 0 54
54 0 54
54 0 54
54 0 54
54 0 54
54 0 54
53 0 53
53 0 53
53 0 53
53 0 53
52 0 52
52 0 52
52 0 52
52 0 52
51 0 51
51 0 51
51 0 51
51 0 51
51 0 51
51 0 51
50 0 50
50 0 50
50 0 50
50 0 50
50 0 50
50 0 50
49 0 49
49 0 49
49 0 49
49 0 49
49 0 49
48 0 48
48 0 48
48 0 48
48 0 48
48 0 48
47 0 47
47 0 47
47 0 47
47 0 47
47 0 47
47 0 47
47 0 47
46 0 46
46 0 46
46 0 46
46 0 46
46 0 46
45 0 45
45 0 45
45 0 45
45 0 45
45 0 45
45 0 45
44 0 44
44 0 44
44 0 44
44 0 44
44 0 44
44 0 44
44 0 44
43 0 43
43 0 43
43 0 43
43 0 43
43 0 43
43 0 43
43 0 43
43 0 43
42 0 42
42 0 42
42 0 42
42 0 42
42 0 42
42 0 42
42 0 42
42 0 42
42 0 42
41 0 41
41 0 41
41 0 41
41 0 41
41 0 41
41 0 41
40 0 40
40 0 40
40 0 40
40 0 40
40 0 40
40 0 40
40 0 40
40 0 40
39 0 39
39 0 39
39 0 39
39 0 39
39 0 39
39 0 39
38 0 38
38 0 38
38 0 38
38 0 38
38 0 38
38 0 38
38 0 38
38 0 38
38 0 38
38 0 38
38 0 38
38 0 38
37 0 37
37 0 37
37 0 37
37 0 37
37 0 37
37 0 37
37 0 37
37 0 37
37 0 37
37 0 37
37 0 37
36 0 36
36 0 36
36 0 36
36 0 36
36 0 36
36 0 36
36 0 36
36 0 36
36 0 36
36 0 36
36 0 36
35 0 35
35 0 35
35 0 35
35 0 35
35 0 35
35 0 35
35 0 35
35 0 35
35 0 35
34 0 34
34 0 34
34 0 34
34 0 34
34 0 34
34 0 34
34 0 34
34 0 34
34 0 34
34 0 34
33 0 33
33 0 33
33 0 33
33 0 33
33 0 33
33 0 33
33 0 33
33 0 33
33 0 33
33 0 33
33 0 33
32 0 32
32 0 32
32 0 32
32 0 32
32 0 32
32 0 32
32 0 32
32 0 32
32 0 32
32 0 32
32 0 32
31 0 31
31 0 31
31 0 31
31 0 31
31 0 31
31 0 31
31 0 31
31 0 31
31 0 31
31 0 31
31 0 31
31 0 31
31 0 31
31 0 31
30 0 30
30 0 30
30 0 30
30 0 30
30 0 30
30 0 30
30 0 30
30 0 30
30 0 30
30 0 30
30 0 30
29 0 29
29 0 29
29 0 29
29 0 29
29 0 29
29 0 29
29 0 29
29 0 29
29 0 29
29 0 29
29 0 29
29 0 29
29 0 29
29 0 29
29 0 29
29 0 29
29 0 29
29 0 29
29 0 29
28 0 28
28 0 28
28 0 28
28 0 28
28 0 28
28 0 28
28 0 28
28 0 28
28 0 28
28 0 28
28 0 28
28 0 28
28 0 28
28 0 28
28 0 28
28 0 28
28 0 28
27 0 27
27 0 27
27 0 27
27 0 27
27 0 27
27 0 27
27 0 27
27 0 27
27 0 27
27 0 27
27 0 27
27 0 27
27 0 27
27 0 27
27 0 27
26 0 26
26 0 26
26 0 26
26 0 26
26 0 26
26 0 26
26 0 26
26 0 26
26 0 26
26 0 26
26 0 26
26 0 26
26 0 26
26 0 26
26 0 26
26 0 26
26 0 26
26 0 26
25 0 25
25 0 25
25 0 25
25 0 25
25 0 25
25 0 25
25 0 25
25 0 25
25 0 25
25 0 25
25 0 25
25 0 25
25 0 25
25 0 25
25 0 25
25 0 25
25 0 25
25 0 25
25 0 25
25 0 25
25 0 25
25 0 25
25 0 25
24 0 24
24 0 24
24 0 24
24 0 24
24 0 24
24 0 24
24 0 24
24 0 24
24 0 24
24 0 24
24 0 24
24 0 24
24 0 24
24 0 24
24 0 24
24 0 24
24 0 24
24 0 24
24 0 24
24 0 24
23 0 23
23 0 23
23 0 23
23 0 23
23 0 23
23 0 23
23 0 23
23 0 23
23 0 23
23 0 23
23 0 23
23 0 23
23 0 23
23 0 23
23 0 23
23 0 23
23 0 23
23 0 23
23 0 23
23 0 23
23 0 23
23 0 23
22 0 22
22 0 22
22 0 22
22 0 22
22 0 22
22 0 22
22 0 22
22 0 22
22 0 22
22 0 22
22 0 22
22 0 22
22 0 22
22 0 22
22 0 22
22 0 22
22 0 22
22 0 22
22 0 22
22 0 22
22 0 22
22 0 22
22 0 22
22 0 22
22 0 22
22 0 22
21 0 21
21 0 21
21 0 21
21 0 21
21 0 21
21 0 21
21 0 21
21 0 21
21 0 21
21 0 21
21 0 21
21 0 21
21 0 21
21 0 21
21 0 21
21 0 21
21 0 21
21 0 21
21 0 21
21 0 21
21 0 21
21 0 21
21 0 21
21 0 21
21 0 21
21 0 21
21 0 21
21 0 21
20 0 20
20 0 20
20 0 20
20 0 20
20 0 20
20 0 20
20 0 20
20 0 20
20 0 20
20 0 20
20 0 20
20 0 20
20 0 20
20 0 20
20 0 20
20 0 20
20 0 20
20 0 20
20 0 20
20 0 20
20 0 20
20 0 20
20 0 20
20 0 20
20 0 20
20 0 20
20 0 20
20 0 20
20 0 20
19 0 19
19 0 19
19 0 19
19 0 19
19 0 19
19 0 19
19 0 19
19 0 19
19 0 19
19 0 19
19 0 19
19 0 19
19 0 19
19 0 19
19 0 19
19 0 19
19 0 19
19 0 19
19 0 19
19 0 19
19 0 19
19 0 19
19 0 19
19 0 19
19 0 19
19 0 19
19 0 19
19 0 19
19 0 19
19 0 19
19 0 19
19 0 19
19 0 19
19 0 19
18 0 18
18 0 18
18 0 18
18 0 18
18 0 18
18 0 18
18 0 18
18 0 18
18 0 18
18 0 18
18 0 18
18 0 18
18 0 18
18 0 18
18 0 18
18 0 18
18 0 18
18 0 18
18 0 18
18 0 18
18 0 18
18 0 18
18 0 18
18 0 18
18 0 18
18 0 18
18 0 18
18 0 18
18 0 18
18 0 18
18 0 18
18 0 18
18 0 18
18 0 18
18 0 18
18 0 18
18 0 18
18 0 18
18 0 18
18 0 18
18 0 18
18 0 18
18 0 18
17 0 17
17 0 17
17 0 17
17 0 17
17 0 17
17 0 17
17 0 17
17 0 17
17 0 17
17 0 17
17 0 17
17 0 17
17 0 17
17 0 17
17 0 17
17 0 17
17 0 17
17 0 17
17 0 17
17 0 17
17 0 17
17 0 17
17 0 17
17 0 17
17 0 17
17 0 17
17 0 17
17 0 17
17 0 17
17 0 17
17 0 17
17 0 17
17 0 17
17 0 17
17 0 17
17 0 17
17 0 17
16 0 16
16 0 16
16 0 16
16 0 16
16 0 16
16 0 16
16 0 16
16 0 16
16 0 16
16 0 16
16 0 16
16 0 16
16 0 16
16 0 16
16 0 16
16 0 16
16 0 16
16 0 16
16 0 16
16 0 16
16 0 16
16 0 16
16 0 16
16 0 16
16 0 16
16 0 16
16 0 16
16 0 16
16 0 16
16 0 16
16 0 16
16 0 16
16 0 16
16 0 16
16 0 16
16 0 16
16 0 16
16 0 16
16 0 16
16 0 16
16 0 16
16 0 16
16 0 16
16 0 16
16 0 16
16 0 16
16 0 16
15 0 15
15 0 15
15 0 15
15 0 15
15 0 15
15 0 15
15 0 15
15 0 15
15 0 15
15 0 15
15 0 15
15 0 15
15 0 15
15 0 15
15 0 15
15 0 15
15 0 15
15 0 15
15 0 15
15 0 15
15 0 15
15 0 15
15 0 15
15 0 15
15 0 15
15 0 15
15 0 15
15 0 15
15 0 15
15 0 15
15 0 15
15 0 15
15 0 15
15 0 15
15 0 15
15 0 15
15 0 15
15 0 15
15 0 15
15 0 15
15 0 15
15 0 15
15 0 15
15 0 15
15 0 15
15 0 15
15 0 15
15 0 15
15 0 15
15 0 15
15 0 15
15 0 15
15 0 15
15 0 15
15 0 15
14 0 14
14 0 14
14 0 14
14 0 14
14 0 14
14 0 14
14 0 14
14 0 14
14 0 14
14 0 14
14 0 14
14 0 14
14 0 14
14 0 14
14 0 14
14 0 14
14 0 14
14 0 14
14 0 14
14 0 14
14 0 14
14 0 14
14 0 14
14 0 14
14 0 14
14 0 14
14 0 14
14 0 14
14 0 14
14 0 14
14 0 14
14 0 14
14 0 14
14 0 14
14 0 14
14 0 14
14 0 14
14 0 14
14 0 14
14 0 14
14 0 14
14 0 14
14 0 14
14 0 14
14 0 14
14 0 14
14 0 14
14 0 14
14 0 14
14 0 14
14 0 14
14 0 14
14 0 14
14 0 14
14 0 14
14 0 14
14 0 14
14 0 14
14 0 14
14 0 14
14 0 14
14 0 14
13 0 13
13 0 13
13 0 13
13 0 13
13 0 13
13 0 13
13 0 13
13 0 13
13 0 13
13 0 13
13 0 13
13 0 13
13 0 13
13 0 13
13 0 13
13 0 13
13 0 13
13 0 13
13 0 13
13 0 13
13 0 13
13 0 13
13 0 13
13 0 13
13 0 13
13 0 13
13 0 13
13 0 13
13 0 13
13 0 13
13 0 13
13 0 13
13 0 13
13 0 13
13 0 13
13 0 13
13 0 13
13 0 13
13 0 13
13 0 13
13 0 13
13 0 13
13 0 13
13 0 13
13 0 13
13 0 13
13 0 13
13 0 13
13 0 13
13 0 13
13 0 13
13 0 13
13 0 13
13 0 13
13 0 13
13 0 13
13 0 13
13 0 13
13 0 13
13 0 13
13 0 13
13 0 13
13 0 13
13 0 13
13 0 13
13 0 13
13 0 13
13 0 13
13 0 13
12 0 12
12 0 12
12 0 12
12 0 12
12 0 12
12 0 12
12 0 12
12 0 12
12 0 12
12 0 12
12 0 12
12 0 12
12 0 12
12 0 12
12 0 12
12 0 12
12 0 12
12 0 12
12 0 12
12 0 12
12 0 12
12 0 12
12 0 12
12 0 12
12 0 12
12 0 12
12 0 12
12 0 12
12 0 12
12 0 12
12 0 12
12 0 12
12 0 12
12 0 12
12 0 12
12 0 12
12 0 12
12 0 12
12 0 12
12 0 12
12 0 12
12 0 12
12 0 12
12 0 12
12 0 12
12 0 12
12 0 12
12 0 12
12 0 12
12 0 12
12 0 12
12 0 12
12 0 12
12 0 12
12 0 12
12 0 12
12 0 12
12 0 12
12 0 12
12 0 12
12 0 12
12 0 12
12 0 12
12 0 12
12 0 12
12 0 12
12 0 12
12 0 12
12 0 12
12 0 12
12 0 12
12 0 12
12 0 12
12 0 12
12 0 12
12 0 12
12 0 12
12 0 12
12 0 12
12 0 12
12 0 12
12 0 12
11 0 11
11 0 11
11 0 11
11 0 11
11 0 11
11 0 11
11 0 11
11 0 11
11 0 11
11 0 11
11 0 11
11 0 11
11 0 11
11 0 11
11 0 11
11 0 11
11 0 11
11 0 11
11 0 11
11 0 11
11 0 11
11 0 11
11 0 11
11 0 11
11 0 11
11 0 11
11 0 11
11 0 11
11 0 11
11 0 11
11 0 11
11 0 11
11 0 11
11 0 11
11 0 11
11 0 11
11 0 11
11 0 11
11 0 11
11 0 11
11 0 11
11 0 11
11 0 11
11 0 11
11 0 11
11 0 11
11 0 11
11 0 11
11 0 11
11 0 11
11 0 11
11 0 11
11 0 11
11 0 11
11 0 11
11 0 11
11 0 11
11 0 11
11 0 11
11 0 11
11 0 11
11 0 11
11 0 11
11 0 11
11 0 11
11 0 11
11 0 11
11 0 11
11 0 11
11 0 11
11 0 11
11 0 11
11 0 11
11 0 11
11 0 11
11 0 11
11 0 11
11 0 11
11 0 11
11 0 11
11 0 11
11 0 11
11 0 11
11 0 11
11 0 11
11 0 11
11 0 11
11 0 11
11 0 11
11 0 11
11 0 11
11 0 11
11 0 11
11 0 11
11 0 11
11 0 11
11 0 11
11 0 11
11 0 11
11 0 11
11 0 11
11 0 11
10 0 10
10 0 10
10 0 10
10 0 10
10 0 10
10 0 10
10 0 10
10 0 10
10 0 10
10 0 10
10 0 10
10 0 10
10 0 10
10 0 10
10 0 10
10 0 10
10 0 10
10 0 10
10 0 10
10 0 10
10 0 10
10 0 10
10 0 10
10 0 10
10 0 10
10 0 10
10 0 10
10 0 10
10 0 10
10 0 10
10 0 10
10 0 10
10 0 10
10 0 10
10 0 10
10 0 10
10 0 10
10 0 10
10 0 10
10 0 10
10 0 10
10 0 10
10 0 10
10 0 10
10 0 10
10 0 10
10 0 10
10 0 10
10 0 10
10 0 10
10 0 10
10 0 10
10 0 10
10 0 10
10 0 10
10 0 10
10 0 10
10 0 10
10 0 10
10 0 10
10 0 10
10 0 10
10 0 10
10 0 10
10 0 10
10 0 10
10 0 10
10 0 10
10 0 10
10 0 10
10 0 10
10 0 10
10 0 10
10 0 10
10 0 10
10 0 10
10 0 10
10 0 10
10 0 10
10 0 10
10 0 10
10 0 10
10 0 10
10 0 10
10 0 10
10 0 10
10 0 10
10 0 10
10 0 10
10 0 10
10 0 10
10 0 10
10 0 10
10 0 10
10 0 10
10 0 10
10 0 10
10 0 10
10 0 10
10 0 10
10 0 10
10 0 10
10 0 10
10 0 10
10 0 10
10 0 10
10 0 10
10 0 10
10 0 10
10 0 10
10 0 10
10 0 10
10 0 10
10 0 10
10 0 10
10 0 10
9 0 9
9 0 9
9 0 9
9 0 9
9 0 9
9 0 9
9 0 9
9 0 9
9 0 9
9 0 9
9 0 9
9 0 9
9 0 9
9 0 9
9 0 9
9 0 9
9 0 9
9 0 9
9 0 9
9 0 9
9 0 9
9 0 9
9 0 9
9 0 9
9 0 9
9 0 9
9 0 9
9 0 9
9 0 9
9 0 9
9 0 9
9 0 9
9 0 9
9 0 9
9 0 9
9 0 9
9 0 9
9 0 9
9 0 9
9 0 9
9 0 9
9 0 9
9 0 9
9 0 9
9 0 9
9 0 9
9 0 9
9 0 9
9 0 9
9 0 9
9 0 9
9 0 9
9 0 9
9 0 9
9 0 9
9 0 9
9 0 9
9 0 9
9 0 9
9 0 9
9 0 9
9 0 9
9 0 9
9 0 9
9 0 9
9 0 9
9 0 9
9 0 9
9 0 9
9 0 9
9 0 9
9 0 9
9 0 9
9 0 9
9 0 9
9 0 9
9 0 9
9 0 9
9 0 9
9 0 9
9 0 9
9 0 9
9 0 9
9 0 9
9 0 9
9 0 9
9 0 9
9 0 9
9 0 9
9 0 9
9 0 9
9 0 9
9 0 9
9 0 9
9 0 9
9 0 9
9 0 9
9 0 9
9 0 9
9 0 9
9 0 9
9 0 9
9 0 9
9 0 9
9 0 9
9 0 9
9 0 9
9 0 9
9 0 9
9 0 9
9 0 9
9 0 9
9 0 9
9 0 9
9 0 9
9 0 9
9 0 9
9 0 9
9 0 9
9 0 9
9 0 9
9 0 9
9 0 9
9 0 9
9 0 9
9 0 9
9 0 9
9 0 9
9 0 9
9 0 9
9 0 9
9 0 9
9 0 9
9 0 9
9 0 9
9 0 9
9 0 9
9 0 9
9 0 9
9 0 9
9 0 9
9 0 9
9 0 9
9 0 9
9 0 9
9 0 9
9 0 9
8 0 8
8 0 8
8 0 8
8 0 8
8 0 8
8 0 8
8 0 8
8 0 8
8 0 8
8 0 8
8 0 8
8 0 8
8 0 8
8 0 8
8 0 8
8 0 8
8 0 8
8 0 8
8 0 8
8 0 8
8 0 8
8 0 8
8 0 8
8 0 8
8 0 8
8 0 8
8 0 8
8 0 8
8 0 8
8 0 8
8 0 8
8 0 8
8 0 8
8 0 8
8 0 8
8 0 8
8 0 8
8 0 8
8 0 8
8 0 8
8 0 8
8 0 8
8 0 8
8 0 8
8 0 8
8 0 8
8 0 8
8 0 8
8 0 8
8 0 8
8 0 8
8 0 8
8 0 8
8 0 8
8 0 8
8 0 8
8 0 8
8 0 8
8 0 8
8 0 8
8 0 8
8 0 8
8 0 8
8 0 8
8 0 8
8 0 8
8 0 8
8 0 8
8 0 8
8 0 8
8 0 8
8 0 8
8 0 8
8 0 8
8 0 8
8 0 8
8 0 8
8 0 8
8 0 8
8 0 8
8 0 8
8 0 8
8 0 8
8 0 8
8 0 8
8 0 8
8 0 8
8 0 8
8 0 8
8 0 8
8 0 8
8 0 8
8 0 8
8 0 8
8 0 8
8 0 8
8 0 8
8 0 8
8 0 8
8 0 8
8 0 8
8 0 8
8 0 8
8 0 8
8 0 8
8 0 8
8 0 8
8 0 8
8 0 8
8 0 8
8 0 8
8 0 8
8 0 8
8 0 8
8 0 8
8 0 8
8 0 8
8 0 8
8 0 8
8 0 8
8 0 8
8 0 8
8 0 8
8 0 8
8 0 8
8 0 8
8 0 8
8 0 8
8 0 8
8 0 8
8 0 8
8 0 8
8 0 8
8 0 8
8 0 8
8 0 8
8 0 8
8 0 8
8 0 8
8 0 8
8 0 8
8 0 8
8 0 8
8 0 8
8 0 8
8 0 8
8 0 8
8 0 8
8 0 8
8 0 8
8 0 8
8 0 8
8 0 8
8 0 8
8 0 8
8 0 8
8 0 8
8 0 8
8 0 8
8 0 8
8 0 8
8 0 8
8 0 8
8 0 8
8 0 8
8 0 8
8 0 8
8 0 8
8 0 8
8 0 8
8 0 8
8 0 8
8 0 8
8 0 8
8 0 8
8 0 8
8 0 8
8 0 8
8 0 8
8 0 8
8 0 8
8 0 8
8 0 8
8 0 8
7 0 7
7 0 7
7 0 7
7 0 7
7 0 7
7 0 7
7 0 7
7 0 7
7 0 7
7 0 7
7 0 7
7 0 7
7 0 7
7 0 7
7 0 7
7 0 7
7 0 7
7 0 7
7 0 7
7 0 7
7 0 7
7 0 7
7 0 7
7 0 7
7 0 7
7 0 7
7 0 7
7 0 7
7 0 7
7 0 7
7 0 7
7 0 7
7 0 7
7 0 7
7 0 7
7 0 7
7 0 7
7 0 7
7 0 7
7 0 7
7 0 7
7 0 7
7 0 7
7 0 7
7 0 7
7 0 7
7 0 7
7 0 7
7 0 7
7 0 7
7 0 7
7 0 7
7 0 7
7 0 7
7 0 7
7 0 7
7 0 7
7 0 7
7 0 7
7 0 7
7 0 7
7 0 7
7 0 7
7 0 7
7 0 7
7 0 7
7 0 7
7 0 7
7 0 7
7 0 7
7 0 7
7 0 7
7 0 7
7 0 7
7 0 7
7 0 7
7 0 7
7 0 7
7 0 7
7 0 7
7 0 7
7 0 7
7 0 7
7 0 7
7 0 7
7 0 7
7 0 7
7 0 7
7 0 7
7 0 7
7 0 7
7 0 7
7 0 7
7 0 7
7 0 7
7 0 7
7 0 7
7 0 7
7 0 7
7 0 7
7 0 7
7 0 7
7 0 7
7 0 7
7 0 7
7 0 7
7 0 7
7 0 7
7 0 7
7 0 7
7 0 7
7 0 7
7 0 7
7 0 7
7 0 7
7 0 7
7 0 7
7 0 7
7 0 7
7 0 7
7 0 7
7 0 7
7 0 7
7 0 7
7 0 7
7 0 7
7 0 7
7 0 7
7 0 7
7 0 7
7 0 7
7 0 7
7 0 7
7 0 7
7 0 7
7 0 7
7 0 7
7 0 7
7 0 7
7 0 7
7 0 7
7 0 7
7 0 7
7 0 7
7 0 7
7 0 7
7 0 7
7 0 7
7 0 7
7 0 7
7 0 7
7 0 7
7 0 7
7 0 7
7 0 7
7 0 7
7 0 7
7 0 7
7 0 7
7 0 7
7 0 7
7 0 7
7 0 7
7 0 7
7 0 7
7 0 7
7 0 7
7 0 7
7 0 7
7 0 7
7 0 7
7 0 7
7 0 7
7 0 7
7 0 7
7 0 7
7 0 7
7 0 7
7 0 7
7 0 7
7 0 7
7 0 7
7 0 7
7 0 7
7 0 7
7 0 7
7 0 7
7 0 7
7 0 7
7 0 7
7 0 7
7 0 7
7 0 7
7 0 7
7 0 7
7 0 7
7 0 7
7 0 7
7 0 7
7 0 7
7 0 7
7 0 7
7 0 7
7 0 7
7 0 7
7 0 7
7 0 7
7 0 7
7 0 7
7 0 7
7 0 7
7 0 7
7 0 7
7 0 7
7 0 7
7 0 7
7 0 7
7 0 7
7 0 7
7 0 7
7 0 7
7 0 7
7 0 7
7 0 7
7 0 7
7 0 7
7 0 7
7 0 7
7 0 7
7 0 7
7 0 7
7 0 7
7 0 7
7 0 7
7 0 7
7 0 7
7 0 7
7 0 7
7 0 7
7 0 7
7 0 7
7 0 7
7 0 7
7 0 7
7 0 7
7 0 7
7 0 7
7 0 7
7 0 7
7 0 7
7 0 7
7 0 7
6 0 6
6 0 6
6 0 6
6 0 6
6 0 6
6 0 6
6 0 6
6 0 6
6 0 6
6 0 6
6 0 6
6 0 6
6 0 6
6 0 6
6 0 6
6 0 6
6 0 6
6 0 6
6 0 6
6 0 6
6 0 6
6 0 6
6 0 6
6 0 6
6 0 6
6 0 6
6 0 6
6 0 6
6 0 6
6 0 6
6 0 6
6 0 6
6 0 6
6 0 6
6 0 6
6 0 6
6 0 6
6 0 6
6 0 6
6 0 6
6 0 6
6 0 6
6 0 6
6 0 6
6 0 6
6 0 6
6 0 6
6 0 6
6 0 6
6 0 6
6 0 6
6 0 6
6 0 6
6 0 6
6 0 6
6 0 6
6 0 6
6 0 6
6 0 6
6 0 6
6 0 6
6 0 6
6 0 6
6 0 6
6 0 6
6 0 6
6 0 6
6 0 6
6 0 6
6 0 6
6 0 6
6 0 6
6 0 6
6 0 6
6 0 6
6 0 6
6 0 6
6 0 6
6 0 6
6 0 6
6 0 6
6 0 6
6 0 6
6 0 6
6 0 6
6 0 6
6 0 6
6 0 6
6 0 6
6 0 6
6 0 6
6 0 6
6 0 6
6 0 6
6 0 6
6 0 6
6 0 6
6 0 6
6 0 6
6 0 6
6 0 6
6 0 6
6 0 6
6 0 6
6 0 6
6 0 6
6 0 6
6 0 6
6 0 6
6 0 6
6 0 6
6 0 6
6 0 6
6 0 6
6 0 6
6 0 6
6 0 6
6 0 6
6 0 6
6 0 6
6 0 6
6 0 6
6 0 6
6 0 6
6 0 6
6 0 6
6 0 6
6 0 6
6 0 6
6 0 6
6 0 6
6 0 6
6 0 6
6 0 6
6 0 6
6 0 6
6 0 6
6 0 6
6 0 6
6 0 6
6 0 6
6 0 6
6 0 6
6 0 6
6 0 6
6 0 6
6 0 6
6 0 6
6 0 6
6 0 6
6 0 6
6 0 6
6 0 6
6 0 6
6 0 6
6 0 6
6 0 6
6 0 6
6 0 6
6 0 6
6 0 6
6 0 6
6 0 6
6 0 6
6 0 6
6 0 6
6 0 6
6 0 6
6 0 6
6 0 6
6 0 6
6 0 6
6 0 6
6 0 6
6 0 6
6 0 6
6 0 6
6 0 6
6 0 6
6 0 6
6 0 6
6 0 6
6 0 6
6 0 6
6 0 6
6 0 6
6 0 6
6 0 6
6 0 6
6 0 6
6 0 6
6 0 6
6 0 6
6 0 6
6 0 6
6 0 6
6 0 6
6 0 6
6 0 6
6 0 6
6 0 6
6 0 6
6 0 6
6 0 6
6 0 6
6 0 6
6 0 6
6 0 6
6 0 6
6 0 6
6 0 6
6 0 6
6 0 6
6 0 6
6 0 6
6 0 6
6 0 6
6 0 6
6 0 6
6 0 6
6 0 6
6 0 6
6 0 6
6 0 6
6 0 6
6 0 6
6 0 6
6 0 6
6 0 6
6 0 6
6 0 6
6 0 6
6 0 6
6 0 6
6 0 6
6 0 6
6 0 6
6 0 6
6 0 6
6 0 6
6 0 6
6 0 6
6 0 6
6 0 6
6 0 6
6 0 6
6 0 6
6 0 6
6 0 6
6 0 6
6 0 6
6 0 6
6 0 6
6 0 6
6 0 6
6 0 6
6 0 6
6 0 6
6 0 6
6 0 6
6 0 6
6 0 6
6 0 6
6 0 6
6 0 6
6 0 6
6 0 6
6 0 6
6 0 6
6 0 6
6 0 6
6 0 6
6 0 6
6 0 6
6 0 6
6 0 6
6 0 6
6 0 6
6 0 6
6 0 6
6 0 6
6 0 6
6 0 6
6 0 6
6 0 6
6 0 6
6 0 6
6 0 6
6 0 6
6 0 6
6 0 6
6 0 6
6 0 6
6 0 6
6 0 6
6 0 6
6 0 6
6 0 6
6 0 6
6 0 6
6 0 6
6 0 6
6 0 6
6 0 6
6 0 6
6 0 6
6 0 6
6 0 6
6 0 6
6 0 6
6 0 6
6 0 6
6 0 6
6 0 6
6 0 6
6 0 6
6 0 6
6 0 6
6 0 6
6 0 6
6 0 6
6 0 6
6 0 6
6 0 6
6 0 6
6 0 6
6 0 6
6 0 6
6 0 6
6 0 6
6 0 6
6 0 6
6 0 6
6 0 6
5 0 5
5 0 5
5 0 5
5 0 5
5 0 5
5 0 5
5 0 5
5 0 5
5 0 5
5 0 5
5 0 5
5 0 5
5 0 5
5 0 5
5 0 5
5 0 5
5 0 5
5 0 5
5 0 5
5 0 5
5 0 5
5 0 5
5 0 5
5 0 5
5 0 5
5 0 5
5 0 5
5 0 5
5 0 5
5 0 5
5 0 5
5 0 5
5 0 5
5 0 5
5 0 5
5 0 5
5 0 5
5 0 5
5 0 5
5 0 5
5 0 5
5 0 5
5 0 5
5 0 5
5 0 5
5 0 5
5 0 5
5 0 5
5 0 5
5 0 5
5 0 5
5 0 5
5 0 5
5 0 5
5 0 5
5 0 5
5 0 5
5 0 5
5 0 5
5 0 5
5 0 5
5 0 5
5 0 5
5 0 5
5 0 5
5 0 5
5 0 5
5 0 5
5 0 5
5 0 5
5 0 5
5 0 5
5 0 5
5 0 5
5 0 5
5 0 5
5 0 5
5 0 5
5 0 5
5 0 5
5 0 5
5 0 5
5 0 5
5 0 5
5 0 5
5 0 5
5 0 5
5 0 5
5 0 5
5 0 5
5 0 5
5 0 5
5 0 5
5 0 5
5 0 5
5 0 5
5 0 5
5 0 5
5 0 5
5 0 5
5 0 5
5 0 5
5 0 5
5 0 5
5 0 5
5 0 5
5 0 5
5 0 5
5 0 5
5 0 5
5 0 5
5 0 5
5 0 5
5 0 5
5 0 5
5 0 5
5 0 5
5 0 5
5 0 5
5 0 5
5 0 5
5 0 5
5 0 5
5 0 5
5 0 5
5 0 5
5 0 5
5 0 5
5 0 5
5 0 5
5 0 5
5 0 5
5 0 5
5 0 5
5 0 5
5 0 5
5 0 5
5 0 5
5 0 5
5 0 5
5 0 5
5 0 5
5 0 5
5 0 5
5 0 5
5 0 5
5 0 5
5 0 5
5 0 5
5 0 5
5 0 5
5 0 5
5 0 5
5 0 5
5 0 5
5 0 5
5 0 5
5 0 5
5 0 5
5 0 5
5 0 5
5 0 5
5 0 5
5 0 5
5 0 5
5 0 5
5 0 5
5 0 5
5 0 5
5 0 5
5 0 5
5 0 5
5 0 5
5 0 5
5 0 5
5 0 5
5 0 5
5 0 5
5 0 5
5 0 5
5 0 5
5 0 5
5 0 5
5 0 5
5 0 5
5 0 5
5 0 5
5 0 5
5 0 5
5 0 5
5 0 5
5 0 5
5 0 5
5 0 5
5 0 5
5 0 5
5 0 5
5 0 5
5 0 5
5 0 5
5 0 5
5 0 5
5 0 5
5 0 5
5 0 5
5 0 5
5 0 5
5 0 5
5 0 5
5 0 5
5 0 5
5 0 5
5 0 5
5 0 5
5 0 5
5 0 5
5 0 5
5 0 5
5 0 5
5 0 5
5 0 5
5 0 5
5 0 5
5 0 5
5 0 5
5 0 5
5 0 5
5 0 5
5 0 5
5 0 5
5 0 5
5 0 5
5 0 5
5 0 5
5 0 5
5 0 5
5 0 5
5 0 5
5 0 5
5 0 5
5 0 5
5 0 5
5 0 5
5 0 5
5 0 5
5 0 5
5 0 5
5 0 5
5 0 5
5 0 5
5 0 5
5 0 5
5 0 5
5 0 5
5 0 5
5 0 5
5 0 5
5 0 5
5 0 5
5 0 5
5 0 5
5 0 5
5 0 5
5 0 5
5 0 5
5 0 5
5 0 5
5 0 5
5 0 5
5 0 5
5 0 5
5 0 5
5 0 5
5 0 5
5 0 5
5 0 5
5 0 5
5 0 5
5 0 5
5 0 5
5 0 5
5 0 5
5 0 5
5 0 5
5 0 5
5 0 5
5 0 5
5 0 5
5 0 5
5 0 5
5 0 5
5 0 5
5 0 5
5 0 5
5 0 5
5 0 5
5 0 5
5 0 5
5 0 5
5 0 5
5 0 5
5 0 5
5 0 5
5 0 5
5 0 5
5 0 5
5 0 5
5 0 5
5 0 5
5 0 5
5 0 5
5 0 5
5 0 5
5 0 5
5 0 5
5 0 5
5 0 5
5 0 5
5 0 5
5 0 5
5 0 5
5 0 5
5 0 5
5 0 5
5 0 5
5 0 5
5 0 5
5 0 5
5 0 5
5 0 5
5 0 5
5 0 5
5 0 5
5 0 5
5 0 5
5 0 5
5 0 5
5 0 5
5 0 5
5 0 5
5 0 5
5 0 5
5 0 5
5 0 5
5 0 5
5 0 5
5 0 5
5 0 5
5 0 5
5 0 5
5 0 5
5 0 5
5 0 5
5 0 5
5 0 5
5 0 5
5 0 5
5 0 5
5 0 5
5 0 5
5 0 5
5 0 5
5 0 5
5 0 5
5 0 5
5 0 5
5 0 5
5 0 5
5 0 5
5 0 5
5 0 5
5 0 5
5 0 5
5 0 5
5 0 5
5 0 5
5 0 5
5 0 5
5 0 5
5 0 5
5 0 5
5 0 5
5 0 5
5 0 5
5 0 5
5 0 5
5 0 5
5 0 5
5 0 5
5 0 5
5 0 5
5 0 5
5 0 5
5 0 5
5 0 5
5 0 5
5 0 5
5 0 5
5 0 5
5 0 5
5 0 5
5 0 5
5 0 5
5 0 5
5 0 5
5 0 5
5 0 5
5 0 5
5 0 5
5 0 5
5 0 5
5 0 5
5 0 5
5 0 5
5 0 5
5 0 5
5 0 5
5 0 5
5 0 5
5 0 5
5 0 5
5 0 5
5 0 5
5 0 5
5 0 5
5 0 5
5 0 5
5 0 5
5 0 5
5 0 5
5 0 5
5 0 5
5 0 5
5 0 5
5 0 5
5 0 5
5 0 5
5 0 5
5 0 5
5 0 5
5 0 5
5 0 5
5 0 5
5 0 5
5 0 5
5 0 5
5 0 5
5 0 5
5 0 5
5 0 5
5 0 5
5 0 5
5 0 5
5 0 5
5 0 5
5 0 5
5 0 5
5 0 5
5 0 5
5 0 5
5 0 5
5 0 5
5 0 5
5 0 5
5 0 5
5 0 5
5 0 5
5 0 5
5 0 5
5 0 5
5 0 5
5 0 5
5 0 5
5 0 5
5 0 5
5 0 5
5 0 5
5 0 5
5 0 5
5 0 5
5 0 5
5 0 5
5 0 5
5 0 5
5 0 5
5 0 5
5 0 5
5 0 5
5 0 5
5 0 5
5 0 5
5 0 5
5 0 5
5 0 5
5 0 5
5 0 5
5 0 5
5 0 5
5 0 5
5 0 5
4 0 4
4 0 4
4 0 4
4 0 4
4 0 4
4 0 4
4 0 4
4 0 4
4 0 4
4 0 4
4 0 4
4 0 4
4 0 4
4 0 4
4 0 4
4 0 4
4 0 4
4 0 4
4 0 4
4 0 4
4 0 4
4 0 4
4 0 4
4 0 4
4 0 4
4 0 4
4 0 4
4 0 4
4 0 4
4 0 4
4 0 4
4 0 4
4 0 4
4 0 4
4 0 4
4 0 4
4 0 4
4 0 4
4 0 4
4 0 4
4 0 4
4 0 4
4 0 4
4 0 4
4 0 4
4 0 4
4 0 4
4 0 4
4 0 4
4 0 4
4 0 4
4 0 4
4 0 4
4 0 4
4 0 4
4 0 4
4 0 4
4 0 4
4 0 4
4 0 4
4 0 4
4 0 4
4 0 4
4 0 4
4 0 4
4 0 4
4 0 4
4 0 4
4 0 4
4 0 4
4 0 4
4 0 4
4 0 4
4 0 4
4 0 4
4 0 4
4 0 4
4 0 4
4 0 4
4 0 4
4 0 4
4 0 4
4 0 4
4 0 4
4 0 4
4 0 4
4 0 4
4 0 4
4 0 4
4 0 4
4 0 4
4 0 4
4 0 4
4 0 4
4 0 4
4 0 4
4 0 4
4 0 4
4 0 4
4 0 4
4 0 4
4 0 4
4 0 4
4 0 4
4 0 4
4 0 4
4 0 4
4 0 4
4 0 4
4 0 4
4 0 4
4 0 4
4 0 4
4 0 4
4 0 4
4 0 4
4 0 4
4 0 4
4 0 4
4 0 4
4 0 4
4 0 4
4 0 4
4 0 4
4 0 4
4 0 4
4 0 4
4 0 4
4 0 4
4 0 4
4 0 4
4 0 4
4 0 4
4 0 4
4 0 4
4 0 4
4 0 4
4 0 4
4 0 4
4 0 4
4 0 4
4 0 4
4 0 4
4 0 4
4 0 4
4 0 4
4 0 4
4 0 4
4 0 4
4 0 4
4 0 4
4 0 4
4 0 4
4 0 4
4 0 4
4 0 4
4 0 4
4 0 4
4 0 4
4 0 4
4 0 4
4 0 4
4 0 4
4 0 4
4 0 4
4 0 4
4 0 4
4 0 4
4 0 4
4 0 4
4 0 4
4 0 4
4 0 4
4 0 4
4 0 4
4 0 4
4 0 4
4 0 4
4 0 4
4 0 4
4 0 4
4 0 4
4 0 4
4 0 4
4 0 4
4 0 4
4 0 4
4 0 4
4 0 4
4 0 4
4 0 4
4 0 4
4 0 4
4 0 4
4 0 4
4 0 4
4 0 4
4 0 4
4 0 4
4 0 4
4 0 4
4 0 4
4 0 4
4 0 4
4 0 4
4 0 4
4 0 4
4 0 4
4 0 4
4 0 4
4 0 4
4 0 4
4 0 4
4 0 4
4 0 4
4 0 4
4 0 4
4 0 4
4 0 4
4 0 4
4 0 4
4 0 4
4 0 4
4 0 4
4 0 4
4 0 4
4 0 4
4 0 4
4 0 4
4 0 4
4 0 4
4 0 4
4 0 4
4 0 4
4 0 4
4 0 4
4 0 4
4 0 4
4 0 4
4 0 4
4 0 4
4 0 4
4 0 4
4 0 4
4 0 4
4 0 4
4 0 4
4 0 4
4 0 4
4 0 4
4 0 4
4 0 4
4 0 4
4 0 4
4 0 4
4 0 4
4 0 4
4 0 4
4 0 4
4 0 4
4 0 4
4 0 4
4 0 4
4 0 4
4 0 4
4 0 4
4 0 4
4 0 4
4 0 4
4 0 4
4 0 4
4 0 4
4 0 4
4 0 4
4 0 4
4 0 4
4 0 4
4 0 4
4 0 4
4 0 4
4 0 4
4 0 4
4 0 4
4 0 4
4 0 4
4 0 4
4 0 4
4 0 4
4 0 4
4 0 4
4 0 4
4 0 4
4 0 4
4 0 4
4 0 4
4 0 4
4 0 4
4 0 4
4 0 4
4 0 4
4 0 4
4 0 4
4 0 4
4 0 4
4 0 4
4 0 4
4 0 4
4 0 4
4 0 4
4 0 4
4 0 4
4 0 4
4 0 4
4 0 4
4 0 4
4 0 4
4 0 4
4 0 4
4 0 4
4 0 4
4 0 4
4 0 4
4 0 4
4 0 4
4 0 4
4 0 4
4 0 4
4 0 4
4 0 4
4 0 4
4 0 4
4 0 4
4 0 4
4 0 4
4 0 4
4 0 4
4 0 4
4 0 4
4 0 4
4 0 4
4 0 4
4 0 4
4 0 4
4 0 4
4 0 4
4 0 4
4 0 4
4 0 4
4 0 4
4 0 4
4 0 4
4 0 4
4 0 4
4 0 4
4 0 4
4 0 4
4 0 4
4 0 4
4 0 4
4 0 4
4 0 4
4 0 4
4 0 4
4 0 4
4 0 4
4 0 4
4 0 4
4 0 4
4 0 4
4 0 4
4 0 4
4 0 4
4 0 4
4 0 4
4 0 4
4 0 4
4 0 4
4 0 4
4 0 4
4 0 4
4 0 4
4 0 4
4 0 4
4 0 4
4 0 4
4 0 4
4 0 4
4 0 4
4 0 4
4 0 4
4 0 4
4 0 4
4 0 4
4 0 4
4 0 4
4 0 4
4 0 4
4 0 4
4 0 4
4 0 4
4 0 4
4 0 4
4 0 4
4 0 4
4 0 4
4 0 4
4 0 4
4 0 4
4 0 4
4 0 4
4 0 4
4 0 4
4 0 4
4 0 4
4 0 4
4 0 4
4 0 4
4 0 4
4 0 4
4 0 4
4 0 4
4 0 4
4 0 4
4 0 4
4 0 4
4 0 4
4 0 4
4 0 4
4 0 4
4 0 4
4 0 4
4 0 4
4 0 4
4 0 4
4 0 4
4 0 4
4 0 4
4 0 4
4 0 4
4 0 4
4 0 4
4 0 4
4 0 4
4 0 4
4 0 4
4 0 4
4 0 4
4 0 4
4 0 4
4 0 4
4 0 4
4 0 4
4 0 4
4 0 4
4 0 4
4 0 4
4 0 4
4 0 4
4 0 4
4 0 4
4 0 4
4 0 4
4 0 4
4 0 4
4 0 4
4 0 4
4 0 4
4 0 4
4 0 4
4 0 4
4 0 4
4 0 4
4 0 4
4 0 4
4 0 4
4 0 4
4 0 4
4 0 4
4 0 4
4 0 4
4 0 4
4 0 4
4 0 4
4 0 4
4 0 4
4 0 4
4 0 4
4 0 4
4 0 4
4 0 4
4 0 4
4 0 4
4 0 4
4 0 4
4 0 4
4 0 4
4 0 4
4 0 4
4 0 4
4 0 4
4 0 4
4 0 4
4 0 4
4 0 4
4 0 4
4 0 4
4 0 4
4 0 4
4 0 4
4 0 4
4 0 4
4 0 4
4 0 4
4 0 4
4 0 4
4 0 4
4 0 4
4 0 4
4 0 4
4 0 4
4 0 4
4 0 4
4 0 4
4 0 4
4 0 4
4 0 4
4 0 4
4 0 4
4 0 4
4 0 4
4 0 4
4 0 4
4 0 4
4 0 4
4 0 4
4 0 4
4 0 4
4 0 4
4 0 4
4 0 4
4 0 4
4 0 4
4 0 4
4 0 4
4 0 4
4 0 4
4 0 4
4 0 4
4 0 4
4 0 4
4 0 4
4 0 4
4 0 4
4 0 4
4 0 4
4 0 4
4 0 4
4 0 4
4 0 4
4 0 4
4 0 4
4 0 4
4 0 4
4 0 4
4 0 4
4 0 4
4 0 4
4 0 4
4 0 4
4 0 4
4 0 4
4 0 4
4 0 4
4 0 4
4 0 4
4 0 4
4 0 4
4 0 4
4 0 4
4 0 4
4 0 4
4 0 4
4 0 4
4 0 4
4 0 4
4 0 4
4 0 4
4 0 4
4 0 4
4 0 4
4 0 4
4 0 4
4 0 4
4 0 4
4 0 4
4 0 4
4 0 4
4 0 4
4 0 4
4 0 4
4 0 4
4 0 4
4 0 4
4 0 4
4 0 4
4 0 4
4 0 4
4 0 4
4 0 4
4 0 4
4 0 4
4 0 4
4 0 4
4 0 4
4 0 4
4 0 4
4 0 4
4 0 4
4 0 4
4 0 4
4 0 4
4 0 4
4 0 4
4 0 4
4 0 4
4 0 4
4 0 4
4 0 4
4 0 4
4 0 4
4 0 4
4 0 4
4 0 4
4 0 4
4 0 4
4 0 4
4 0 4
4 0 4
4 0 4
4 0 4
4 0 4
4 0 4
4 0 4
4 0 4
4 0 4
4 0 4
4 0 4
4 0 4
4 0 4
4 0 4
4 0 4
4 0 4
4 0 4
4 0 4
4 0 4
4 0 4
4 0 4
4 0 4
4 0 4
4 0 4
4 0 4
4 0 4
4 0 4
4 0 4
4 0 4
4 0 4
4 0 4
4 0 4
4 0 4
4 0 4
4 0 4
4 0 4
4 0 4
4 0 4
4 0 4
4 0 4
4 0 4
4 0 4
4 0 4
4 0 4
4 0 4
4 0 4
4 0 4
4 0 4
4 0 4
4 0 4
4 0 4
4 0 4
4 0 4
4 0 4
4 0 4
4 0 4
4 0 4
4 0 4
4 0 4
4 0 4
4 0 4
4 0 4
4 0 4
4 0 4
4 0 4
4 0 4
4 0 4
4 0 4
4 0 4
4 0 4
4 0 4
4 0 4
4 0 4
4 0 4
4 0 4
4 0 4
4 0 4
4 0 4
4 0 4
4 0 4
4 0 4
4 0 4
4 0 4
4 0 4
4 0 4
4 0 4
4 0 4
4 0 4
4 0 4
4 0 4
4 0 4
4 0 4
4 0 4
4 0 4
4 0 4
4 0 4
4 0 4
4 0 4
4 0 4
4 0 4
4 0 4
4 0 4
4 0 4
4 0 4
4 0 4
4 0 4
4 0 4
4 0 4
4 0 4
4 0 4
4 0 4
4 0 4
4 0 4
4 0 4
4 0 4
4 0 4
4 0 4
4 0 4
4 0 4
4 0 4
4 0 4
4 0 4
4 0 4
4 0 4
4 0 4
4 0 4
4 0 4
4 0 4
4 0 4
4 0 4
4 0 4
4 0 4
4 0 4
4 0 4
4 0 4
4 0 4
4 0 4
4 0 4
4 0 4
4 0 4
4 0 4
4 0 4
4 0 4
4 0 4
4 0 4
4 0 4
4 0 4
4 0 4
4 0 4
4 0 4
4 0 4
4 0 4
4 0 4
4 0 4
4 0 4
4 0 4
4 0 4
4 0 4
4 0 4
4 0 4
4 0 4
4 0 4
4 0 4
4 0 4
4 0 4
4 0 4
4 0 4
4 0 4
4 0 4
4 0 4
4 0 4
3 0 3
3 0 3
3 0 3
3 0 3
3 0 3
3 0 3
3 0 3
3 0 3
3 0 3
3 0 3
3 0 3
3 0 3
3 0 3
3 0 3
3 0 3
3 0 3
3 0 3
3 0 3
3 0 3
3 0 3
3 0 3
3 0 3
3 0 3
3 0 3
3 0 3
3 0 3
3 0 3
3 0 3
3 0 3
3 0 3
3 0 3
3 0 3
3 0 3
3 0 3
3 0 3
3 0 3
3 0 3
3 0 3
3 0 3
3 0 3
3 0 3
3 0 3
3 0 3
3 0 3
3 0 3
3 0 3
3 0 3
3 0 3
3 0 3
3 0 3
3 0 3
3 0 3
3 0 3
3 0 3
3 0 3
3 0 3
3 0 3
3 0 3
3 0 3
3 0 3
3 0 3
3 0 3
3 0 3
3 0 3
3 0 3
3 0 3
3 0 3
3 0 3
3 0 3
3 0 3
3 0 3
3 0 3
3 0 3
3 0 3
3 0 3
3 0 3
3 0 3
3 0 3
3 0 3
3 0 3
3 0 3
3 0 3
3 0 3
3 0 3
3 0 3
3 0 3
3 0 3
3 0 3
3 0 3
3 0 3
3 0 3
3 0 3
3 0 3
3 0 3
3 0 3
3 0 3
3 0 3
3 0 3
3 0 3
3 0 3
3 0 3
3 0 3
3 0 3
3 0 3
3 0 3
3 0 3
3 0 3
3 0 3
3 0 3
3 0 3
3 0 3
3 0 3
3 0 3
3 0 3
3 0 3
3 0 3
3 0 3
3 0 3
3 0 3
3 0 3
3 0 3
3 0 3
3 0 3
3 0 3
3 0 3
3 0 3
3 0 3
3 0 3
3 0 3
3 0 3
3 0 3
3 0 3
3 0 3
3 0 3
3 0 3
3 0 3
3 0 3
3 0 3
3 0 3
3 0 3
3 0 3
3 0 3
3 0 3
3 0 3
3 0 3
3 0 3
3 0 3
3 0 3
3 0 3
3 0 3
3 0 3
3 0 3
3 0 3
3 0 3
3 0 3
3 0 3
3 0 3
3 0 3
3 0 3
3 0 3
3 0 3
3 0 3
3 0 3
3 0 3
3 0 3
3 0 3
3 0 3
3 0 3
3 0 3
3 0 3
3 0 3
3 0 3
3 0 3
3 0 3
3 0 3
3 0 3
3 0 3
3 0 3
3 0 3
3 0 3
3 0 3
3 0 3
3 0 3
3 0 3
3 0 3
3 0 3
3 0 3
3 0 3
3 0 3
3 0 3
3 0 3
3 0 3
3 0 3
3 0 3
3 0 3
3 0 3
3 0 3
3 0 3
3 0 3
3 0 3
3 0 3
3 0 3
3 0 3
3 0 3
3 0 3
3 0 3
3 0 3
3 0 3
3 0 3
3 0 3
3 0 3
3 0 3
3 0 3
3 0 3
3 0 3
3 0 3
3 0 3
3 0 3
3 0 3
3 0 3
3 0 3
3 0 3
3 0 3
3 0 3
3 0 3
3 0 3
3 0 3
3 0 3
3 0 3
3 0 3
3 0 3
3 0 3
3 0 3
3 0 3
3 0 3
3 0 3
3 0 3
3 0 3
3 0 3
3 0 3
3 0 3
3 0 3
3 0 3
3 0 3
3 0 3
3 0 3
3 0 3
3 0 3
3 0 3
3 0 3
3 0 3
3 0 3
3 0 3
3 0 3
3 0 3
3 0 3
3 0 3
3 0 3
3 0 3
3 0 3
3 0 3
3 0 3
3 0 3
3 0 3
3 0 3
3 0 3
3 0 3
3 0 3
3 0 3
3 0 3
3 0 3
3 0 3
3 0 3
3 0 3
3 0 3
3 0 3
3 0 3
3 0 3
3 0 3
3 0 3
3 0 3
3 0 3
3 0 3
3 0 3
3 0 3
3 0 3
3 0 3
3 0 3
3 0 3
3 0 3
3 0 3
3 0 3
3 0 3
3 0 3
3 0 3
3 0 3
3 0 3
3 0 3
3 0 3
3 0 3
3 0 3
3 0 3
3 0 3
3 0 3
3 0 3
3 0 3
3 0 3
3 0 3
3 0 3
3 0 3
3 0 3
3 0 3
3 0 3
3 0 3
3 0 3
3 0 3
3 0 3
3 0 3
3 0 3
3 0 3
3 0 3
3 0 3
3 0 3
3 0 3
3 0 3
3 0 3
3 0 3
3 0 3
3 0 3
3 0 3
3 0 3
3 0 3
3 0 3
3 0 3
3 0 3
3 0 3
3 0 3
3 0 3
3 0 3
3 0 3
3 0 3
3 0 3
3 0 3
3 0 3
3 0 3
3 0 3
3 0 3
3 0 3
3 0 3
3 0 3
3 0 3
3 0 3
3 0 3
3 0 3
3 0 3
3 0 3
3 0 3
3 0 3
3 0 3
3 0 3
3 0 3
3 0 3
3 0 3
3 0 3
3 0 3
3 0 3
3 0 3
3 0 3
3 0 3
3 0 3
3 0 3
3 0 3
3 0 3
3 0 3
3 0 3
3 0 3
3 0 3
3 0 3
3 0 3
3 0 3
3 0 3
3 0 3
3 0 3
3 0 3
3 0 3
3 0 3
3 0 3
3 0 3
3 0 3
3 0 3
3 0 3
3 0 3
3 0 3
3 0 3
3 0 3
3 0 3
3 0 3
3 0 3
3 0 3
3 0 3
3 0 3
3 0 3
3 0 3
3 0 3
3 0 3
3 0 3
3 0 3
3 0 3
3 0 3
3 0 3
3 0 3
3 0 3
3 0 3
3 0 3
3 0 3
3 0 3
3 0 3
3 0 3
3 0 3
3 0 3
3 0 3
3 0 3
3 0 3
3 0 3
3 0 3
3 0 3
3 0 3
3 0 3
3 0 3
3 0 3
3 0 3
3 0 3
3 0 3
3 0 3
3 0 3
3 0 3
3 0 3
3 0 3
3 0 3
3 0 3
3 0 3
3 0 3
3 0 3
3 0 3
3 0 3
3 0 3
3 0 3
3 0 3
3 0 3
3 0 3
3 0 3
3 0 3
3 0 3
3 0 3
3 0 3
3 0 3
3 0 3
3 0 3
3 0 3
3 0 3
3 0 3
3 0 3
3 0 3
3 0 3
3 0 3
3 0 3
3 0 3
3 0 3
3 0 3
3 0 3
3 0 3
3 0 3
3 0 3
3 0 3
3 0 3
3 0 3
3 0 3
3 0 3
3 0 3
3 0 3
3 0 3
3 0 3
3 0 3
3 0 3
3 0 3
3 0 3
3 0 3
3 0 3
3 0 3
3 0 3
3 0 3
3 0 3
3 0 3
3 0 3
3 0 3
3 0 3
3 0 3
3 0 3
3 0 3
3 0 3
3 0 3
3 0 3
3 0 3
3 0 3
3 0 3
3 0 3
3 0 3
3 0 3
3 0 3
3 0 3
3 0 3
3 0 3
3 0 3
3 0 3
3 0 3
3 0 3
3 0 3
3 0 3
3 0 3
3 0 3
3 0 3
3 0 3
3 0 3
3 0 3
3 0 3
3 0 3
3 0 3
3 0 3
3 0 3
3 0 3
3 0 3
3 0 3
3 0 3
3 0 3
3 0 3
3 0 3
3 0 3
3 0 3
3 0 3
3 0 3
3 0 3
3 0 3
3 0 3
3 0 3
3 0 3
3 0 3
3 0 3
3 0 3
3 0 3
3 0 3
3 0 3
3 0 3
3 0 3
3 0 3
3 0 3
3 0 3
3 0 3
3 0 3
3 0 3
3 0 3
3 0 3
3 0 3
3 0 3
3 0 3
3 0 3
3 0 3
3 0 3
3 0 3
3 0 3
3 0 3
3 0 3
3 0 3
3 0 3
3 0 3
3 0 3
3 0 3
3 0 3
3 0 3
3 0 3
3 0 3
3 0 3
3 0 3
3 0 3
3 0 3
3 0 3
3 0 3
3 0 3
3 0 3
3 0 3
3 0 3
3 0 3
3 0 3
3 0 3
3 0 3
3 0 3
3 0 3
3 0 3
3 0 3
3 0 3
3 0 3
3 0 3
3 0 3
3 0 3
3 0 3
3 0 3
3 0 3
3 0 3
3 0 3
3 0 3
3 0 3
3 0 3
3 0 3
3 0 3
3 0 3
3 0 3
3 0 3
3 0 3
3 0 3
3 0 3
3 0 3
3 0 3
3 0 3
3 0 3
3 0 3
3 0 3
3 0 3
3 0 3
3 0 3
3 0 3
3 0 3
3 0 3
3 0 3
3 0 3
3 0 3
3 0 3
3 0 3
3 0 3
3 0 3
3 0 3
3 0 3
3 0 3
3 0 3
3 0 3
3 0 3
3 0 3
3 0 3
3 0 3
3 0 3
3 0 3
3 0 3
3 0 3
3 0 3
3 0 3
3 0 3
3 0 3
3 0 3
3 0 3
3 0 3
3 0 3
3 0 3
3 0 3
3 0 3
3 0 3
3 0 3
3 0 3
3 0 3
3 0 3
3 0 3
3 0 3
3 0 3
3 0 3
3 0 3
3 0 3
3 0 3
3 0 3
3 0 3
3 0 3
3 0 3
3 0 3
3 0 3
3 0 3
3 0 3
3 0 3
3 0 3
3 0 3
3 0 3
3 0 3
3 0 3
3 0 3
3 0 3
3 0 3
3 0 3
3 0 3
3 0 3
3 0 3
3 0 3
3 0 3
3 0 3
3 0 3
3 0 3
3 0 3
3 0 3
3 0 3
3 0 3
3 0 3
3 0 3
3 0 3
3 0 3
3 0 3
3 0 3
3 0 3
3 0 3
3 0 3
3 0 3
3 0 3
3 0 3
3 0 3
3 0 3
3 0 3
3 0 3
3 0 3
3 0 3
3 0 3
3 0 3
3 0 3
3 0 3
3 0 3
3 0 3
3 0 3
3 0 3
3 0 3
3 0 3
3 0 3
3 0 3
3 0 3
3 0 3
3 0 3
3 0 3
3 0 3
3 0 3
3 0 3
3 0 3
3 0 3
3 0 3
3 0 3
3 0 3
3 0 3
3 0 3
3 0 3
3 0 3
3 0 3
3 0 3
3 0 3
3 0 3
3 0 3
3 0 3
3 0 3
3 0 3
3 0 3
3 0 3
3 0 3
3 0 3
3 0 3
3 0 3
3 0 3
3 0 3
3 0 3
3 0 3
3 0 3
3 0 3
3 0 3
3 0 3
3 0 3
3 0 3
3 0 3
3 0 3
3 0 3
3 0 3
3 0 3
3 0 3
3 0 3
3 0 3
3 0 3
3 0 3
3 0 3
3 0 3
3 0 3
3 0 3
3 0 3
3 0 3
3 0 3
3 0 3
3 0 3
3 0 3
3 0 3
3 0 3
3 0 3
3 0 3
3 0 3
3 0 3
3 0 3
3 0 3
3 0 3
3 0 3
3 0 3
3 0 3
3 0 3
3 0 3
3 0 3
3 0 3
3 0 3
3 0 3
3 0 3
3 0 3
3 0 3
3 0 3
3 0 3
3 0 3
3 0 3
3 0 3
3 0 3
3 0 3
3 0 3
3 0 3
3 0 3
3 0 3
3 0 3
3 0 3
3 0 3
3 0 3
3 0 3
3 0 3
3 0 3
3 0 3
3 0 3
3 0 3
3 0 3
3 0 3
3 0 3
3 0 3
3 0 3
3 0 3
3 0 3
3 0 3
3 0 3
3 0 3
3 0 3
3 0 3
3 0 3
3 0 3
3 0 3
3 0 3
3 0 3
3 0 3
3 0 3
3 0 3
3 0 3
3 0 3
3 0 3
3 0 3
3 0 3
3 0 3
3 0 3
3 0 3
3 0 3
3 0 3
3 0 3
3 0 3
3 0 3
3 0 3
3 0 3
3 0 3
3 0 3
3 0 3
3 0 3
3 0 3
3 0 3
3 0 3
3 0 3
3 0 3
3 0 3
3 0 3
3 0 3
3 0 3
3 0 3
3 0 3
3 0 3
3 0 3
3 0 3
3 0 3
3 0 3
3 0 3
3 0 3
3 0 3
3 0 3
3 0 3
3 0 3
3 0 3
3 0 3
3 0 3
3 0 3
3 0 3
3 0 3
3 0 3
3 0 3
3 0 3
3 0 3
3 0 3
3 0 3
3 0 3
3 0 3
3 0 3
3 0 3
3 0 3
3 0 3
3 0 3
3 0 3
3 0 3
3 0 3
3 0 3
3 0 3
3 0 3
3 0 3
3 0 3
3 0 3
3 0 3
3 0 3
3 0 3
3 0 3
3 0 3
3 0 3
3 0 3
3 0 3
3 0 3
3 0 3
3 0 3
3 0 3
3 0 3
3 0 3
3 0 3
3 0 3
3 0 3
3 0 3
3 0 3
3 0 3
3 0 3
3 0 3
3 0 3
3 0 3
3 0 3
3 0 3
3 0 3
3 0 3
3 0 3
3 0 3
3 0 3
3 0 3
3 0 3
3 0 3
3 0 3
3 0 3
3 0 3
3 0 3
3 0 3
3 0 3
3 0 3
3 0 3
3 0 3
3 0 3
3 0 3
3 0 3
3 0 3
3 0 3
3 0 3
3 0 3
3 0 3
3 0 3
3 0 3
3 0 3
3 0 3
3 0 3
3 0 3
3 0 3
3 0 3
3 0 3
3 0 3
3 0 3
3 0 3
3 0 3
3 0 3
3 0 3
3 0 3
3 0 3
3 0 3
3 0 3
3 0 3
3 0 3
3 0 3
3 0 3
3 0 3
3 0 3
3 0 3
3 0 3
3 0 3
3 0 3
3 0 3
3 0 3
3 0 3
3 0 3
3 0 3
3 0 3
3 0 3
3 0 3
3 0 3
3 0 3
3 0 3
3 0 3
3 0 3
3 0 3
3 0 3
3 0 3
3 0 3
3 0 3
3 0 3
3 0 3
3 0 3
3 0 3
3 0 3
3 0 3
3 0 3
3 0 3
3 0 3
3 0 3
3 0 3
3 0 3
3 0 3
3 0 3
3 0 3
3 0 3
3 0 3
3 0 3
3 0 3
3 0 3
3 0 3
3 0 3
3 0 3
3 0 3
3 0 3
3 0 3
3 0 3
3 0 3
3 0 3
3 0 3
3 0 3
3 0 3
3 0 3
3 0 3
3 0 3
3 0 3
3 0 3
3 0 3
3 0 3
3 0 3
3 0 3
3 0 3
3 0 3
3 0 3
3 0 3
3 0 3
3 0 3
3 0 3
3 0 3
3 0 3
3 0 3
3 0 3
3 0 3
3 0 3
3 0 3
3 0 3
3 0 3
3 0 3
3 0 3
3 0 3
3 0 3
3 0 3
3 0 3
3 0 3
3 0 3
3 0 3
3 0 3
3 0 3
3 0 3
3 0 3
3 0 3
3 0 3
3 0 3
3 0 3
3 0 3
3 0 3
3 0 3
3 0 3
3 0 3
3 0 3
3 0 3
3 0 3
3 0 3
3 0 3
3 0 3
3 0 3
3 0 3
3 0 3
3 0 3
3 0 3
3 0 3
3 0 3
3 0 3
3 0 3
3 0 3
3 0 3
3 0 3
3 0 3
3 0 3
3 0 3
3 0 3
3 0 3
3 0 3
3 0 3
3 0 3
3 0 3
3 0 3
3 0 3
3 0 3
3 0 3
3 0 3
3 0 3
3 0 3
3 0 3
3 0 3
3 0 3
3 0 3
3 0 3
3 0 3
3 0 3
3 0 3
3 0 3
3 0 3
3 0 3
3 0 3
3 0 3
3 0 3
3 0 3
3 0 3
3 0 3
3 0 3
3 0 3
3 0 3
3 0 3
3 0 3
3 0 3
3 0 3
3 0 3
3 0 3
3 0 3
3 0 3
3 0 3
3 0 3
3 0 3
3 0 3
3 0 3
3 0 3
3 0 3
3 0 3
3 0 3
3 0 3
3 0 3
3 0 3
3 0 3
3 0 3
3 0 3
3 0 3
3 0 3
3 0 3
3 0 3
3 0 3
3 0 3
3 0 3
3 0 3
3 0 3
3 0 3
3 0 3
3 0 3
3 0 3
3 0 3
3 0 3
3 0 3
3 0 3
3 0 3
3 0 3
3 0 3
3 0 3
3 0 3
3 0 3
3 0 3
3 0 3
3 0 3
3 0 3
3 0 3
3 0 3
3 0 3
3 0 3
3 0 3
3 0 3
3 0 3
3 0 3
3 0 3
3 0 3
3 0 3
3 0 3
3 0 3
3 0 3
3 0 3
3 0 3
3 0 3
3 0 3
3 0 3
3 0 3
3 0 3
3 0 3
3 0 3
3 0 3
3 0 3
3 0 3
3 0 3
3 0 3
3 0 3
3 0 3
3 0 3
3 0 3
3 0 3
3 0 3
3 0 3
3 0 3
3 0 3
3 0 3
3 0 3
3 0 3
3 0 3
3 0 3
3 0 3
3 0 3
3 0 3
3 0 3
3 0 3
3 0 3
3 0 3
3 0 3
3 0 3
3 0 3
3 0 3
3 0 3
3 0 3
3 0 3
3 0 3
3 0 3
3 0 3
3 0 3
3 0 3
3 0 3
3 0 3
3 0 3
3 0 3
3 0 3
3 0 3
3 0 3
3 0 3
3 0 3
3 0 3
3 0 3
3 0 3
3 0 3
3 0 3
3 0 3
3 0 3
3 0 3
3 0 3
3 0 3
3 0 3
3 0 3
3 0 3
3 0 3
3 0 3
3 0 3
3 0 3
3 0 3
3 0 3
3 0 3
3 0 3
3 0 3
3 0 3
3 0 3
3 0 3
3 0 3
3 0 3
3 0 3
3 0 3
3 0 3
3 0 3
3 0 3
3 0 3
3 0 3
3 0 3
3 0 3
3 0 3
3 0 3
3 0 3
3 0 3
3 0 3
3 0 3
3 0 3
3 0 3
3 0 3
3 0 3
3 0 3
3 0 3
3 0 3
3 0 3
3 0 3
3 0 3
3 0 3
3 0 3
3 0 3
3 0 3
3 0 3
3 0 3
3 0 3
3 0 3
3 0 3
3 0 3
3 0 3
3 0 3
3 0 3
3 0 3
3 0 3
3 0 3
3 0 3
3 0 3
3 0 3
3 0 3
3 0 3
3 0 3
3 0 3
3 0 3
3 0 3
3 0 3
3 0 3
3 0 3
3 0 3
3 0 3
3 0 3
3 0 3
3 0 3
3 0 3
3 0 3
3 0 3
3 0 3
3 0 3
3 0 3
3 0 3
3 0 3
3 0 3
3 0 3
3 0 3
3 0 3
3 0 3
3 0 3
3 0 3
3 0 3
3 0 3
3 0 3
3 0 3
3 0 3
3 0 3
3 0 3
3 0 3
3 0 3
3 0 3
3 0 3
3 0 3
3 0 3
3 0 3
3 0 3
3 0 3
3 0 3
3 0 3
3 0 3
3 0 3
3 0 3
3 0 3
3 0 3
3 0 3
3 0 3
3 0 3
3 0 3
3 0 3
3 0 3
3 0 3
3 0 3
3 0 3
3 0 3
3 0 3
3 0 3
3 0 3
3 0 3
3 0 3
3 0 3
3 0 3
3 0 3
3 0 3
3 0 3
3 0 3
3 0 3
3 0 3
3 0 3
3 0 3
3 0 3
3 0 3
3 0 3
3 0 3
3 0 3
3 0 3
3 0 3
3 0 3
3 0 3
3 0 3
3 0 3
3 0 3
3 0 3
3 0 3
3 0 3
3 0 3
3 0 3
3 0 3
3 0 3
3 0 3
3 0 3
3 0 3
3 0 3
3 0 3
3 0 3
3 0 3
3 0 3
3 0 3
3 0 3
3 0 3
3 0 3
3 0 3
3 0 3
3 0 3
3 0 3
3 0 3
3 0 3
3 0 3
3 0 3
3 0 3
3 0 3
3 0 3
3 0 3
3 0 3
3 0 3
3 0 3
3 0 3
3 0 3
3 0 3
3 0 3
3 0 3
3 0 3
3 0 3
3 0 3
3 0 3
3 0 3
3 0 3
3 0 3
3 0 3
3 0 3
3 0 3
3 0 3
3 0 3
3 0 3
3 0 3
3 0 3
3 0 3
3 0 3
3 0 3
3 0 3
3 0 3
3 0 3
3 0 3
3 0 3
3 0 3
3 0 3
3 0 3
3 0 3
3 0 3
3 0 3
3 0 3
3 0 3
3 0 3
3 0 3
3 0 3
3 0 3
3 0 3
3 0 3
3 0 3
3 0 3
3 0 3
3 0 3
3 0 3
3 0 3
3 0 3
3 0 3
3 0 3
3 0 3
3 0 3
3 0 3
3 0 3
3 0 3
3 0 3
3 0 3
3 0 3
3 0 3
3 0 3
3 0 3
3 0 3
3 0 3
3 0 3
3 0 3
3 0 3
3 0 3
3 0 3
3 0 3
3 0 3
3 0 3
3 0 3
3 0 3
3 0 3
3 0 3
3 0 3
3 0 3
3 0 3
3 0 3
3 0 3
3 0 3
3 0 3
3 0 3
3 0 3
3 0 3
3 0 3
3 0 3
3 0 3
3 0 3
3 0 3
3 0 3
3 0 3
3 0 3
2 0 2
2 0 2
2 0 2
2 0 2
2 0 2
2 0 2
2 0 2
2 0 2
2 0 2
2 0 2
2 0 2
2 0 2
2 0 2
2 0 2
2 0 2
2 0 2
2 0 2
2 0 2
2 0 2
2 0 2
2 0 2
2 0 2
2 0 2
2 0 2
2 0 2
2 0 2
2 0 2
2 0 2
2 0 2
2 0 2
2 0 2
2 0 2
2 0 2
2 0 2
2 0 2
2 0 2
2 0 2
2 0 2
2 0 2
2 0 2
2 0 2
2 0 2
2 0 2
2 0 2
2 0 2
2 0 2
2 0 2
2 0 2
2 0 2
2 0 2
2 0 2
2 0 2
2 0 2
2 0 2
2 0 2
2 0 2
2 0 2
2 0 2
2 0 2
2 0 2
2 0 2
2 0 2
2 0 2
2 0 2
2 0 2
2 0 2
2 0 2
2 0 2
2 0 2
2 0 2
2 0 2
2 0 2
2 0 2
2 0 2
2 0 2
2 0 2
2 0 2
2 0 2
2 0 2
2 0 2
2 0 2
2 0 2
2 0 2
2 0 2
2 0 2
2 0 2
2 0 2
2 0 2
2 0 2
2 0 2
2 0 2
2 0 2
2 0 2
2 0 2
2 0 2
2 0 2
2 0 2
2 0 2
2 0 2
2 0 2
2 0 2
2 0 2
2 0 2
2 0 2
2 0 2
2 0 2
2 0 2
2 0 2
2 0 2
2 0 2
2 0 2
2 0 2
2 0 2
2 0 2
2 0 2
2 0 2
2 0 2
2 0 2
2 0 2
2 0 2
2 0 2
2 0 2
2 0 2
2 0 2
2 0 2
2 0 2
2 0 2
2 0 2
2 0 2
2 0 2
2 0 2
2 0 2
2 0 2
2 0 2
2 0 2
2 0 2
2 0 2
2 0 2
2 0 2
2 0 2
2 0 2
2 0 2
2 0 2
2 0 2
2 0 2
2 0 2
2 0 2
2 0 2
2 0 2
2 0 2
2 0 2
2 0 2
2 0 2
2 0 2
2 0 2
2 0 2
2 0 2
2 0 2
2 0 2
2 0 2
2 0 2
2 0 2
2 0 2
2 0 2
2 0 2
2 0 2
2 0 2
2 0 2
2 0 2
2 0 2
2 0 2
2 0 2
2 0 2
2 0 2
2 0 2
2 0 2
2 0 2
2 0 2
2 0 2
2 0 2
2 0 2
2 0 2
2 0 2
2 0 2
2 0 2
2 0 2
2 0 2
2 0 2
2 0 2
2 0 2
2 0 2
2 0 2
2 0 2
2 0 2
2 0 2
2 0 2
2 0 2
2 0 2
2 0 2
2 0 2
2 0 2
2 0 2
2 0 2
2 0 2
2 0 2
2 0 2
2 0 2
2 0 2
2 0 2
2 0 2
2 0 2
2 0 2
2 0 2
2 0 2
2 0 2
2 0 2
2 0 2
2 0 2
2 0 2
2 0 2
2 0 2
2 0 2
2 0 2
2 0 2
2 0 2
2 0 2
2 0 2
2 0 2
2 0 2
2 0 2
2 0 2
2 0 2
2 0 2
2 0 2
2 0 2
2 0 2
2 0 2
2 0 2
2 0 2
2 0 2
2 0 2
2 0 2
2 0 2
2 0 2
2 0 2
2 0 2
2 0 2
2 0 2
2 0 2
2 0 2
2 0 2
2 0 2
2 0 2
2 0 2
2 0 2
2 0 2
2 0 2
2 0 2
2 0 2
2 0 2
2 0 2
2 0 2
2 0 2
2 0 2
2 0 2
2 0 2
2 0 2
2 0 2
2 0 2
2 0 2
2 0 2
2 0 2
2 0 2
2 0 2
2 0 2
2 0 2
2 0 2
2 0 2
2 0 2
2 0 2
2 0 2
2 0 2
2 0 2
2 0 2
2 0 2
2 0 2
2 0 2
2 0 2
2 0 2
2 0 2
2 0 2
2 0 2
2 0 2
2 0 2
2 0 2
2 0 2
2 0 2
2 0 2
2 0 2
2 0 2
2 0 2
2 0 2
2 0 2
2 0 2
2 0 2
2 0 2
2 0 2
2 0 2
2 0 2
2 0 2
2 0 2
2 0 2
2 0 2
2 0 2
2 0 2
2 0 2
2 0 2
2 0 2
2 0 2
2 0 2
2 0 2
2 0 2
2 0 2
2 0 2
2 0 2
2 0 2
2 0 2
2 0 2
2 0 2
2 0 2
2 0 2
2 0 2
2 0 2
2 0 2
2 0 2
2 0 2
2 0 2
2 0 2
2 0 2
2 0 2
2 0 2
2 0 2
2 0 2
2 0 2
2 0 2
2 0 2
2 0 2
2 0 2
2 0 2
2 0 2
2 0 2
2 0 2
2 0 2
2 0 2
2 0 2
2 0 2
2 0 2
2 0 2
2 0 2
2 0 2
2 0 2
2 0 2
2 0 2
2 0 2
2 0 2
2 0 2
2 0 2
2 0 2
2 0 2
2 0 2
2 0 2
2 0 2
2 0 2
2 0 2
2 0 2
2 0 2
2 0 2
2 0 2
2 0 2
2 0 2
2 0 2
2 0 2
2 0 2
2 0 2
2 0 2
2 0 2
2 0 2
2 0 2
2 0 2
2 0 2
2 0 2
2 0 2
2 0 2
2 0 2
2 0 2
2 0 2
2 0 2
2 0 2
2 0 2
2 0 2
2 0 2
2 0 2
2 0 2
2 0 2
2 0 2
2 0 2
2 0 2
2 0 2
2 0 2
2 0 2
2 0 2
2 0 2
2 0 2
2 0 2
2 0 2
2 0 2
2 0 2
2 0 2
2 0 2
2 0 2
2 0 2
2 0 2
2 0 2
2 0 2
2 0 2
2 0 2
2 0 2
2 0 2
2 0 2
2 0 2
2 0 2
2 0 2
2 0 2
2 0 2
2 0 2
2 0 2
2 0 2
2 0 2
2 0 2
2 0 2
2 0 2
2 0 2
2 0 2
2 0 2
2 0 2
2 0 2
2 0 2
2 0 2
2 0 2
2 0 2
2 0 2
2 0 2
2 0 2
2 0 2
2 0 2
2 0 2
2 0 2
2 0 2
2 0 2
2 0 2
2 0 2
2 0 2
2 0 2
2 0 2
2 0 2
2 0 2
2 0 2
2 0 2
2 0 2
2 0 2
2 0 2
2 0 2
2 0 2
2 0 2
2 0 2
2 0 2
2 0 2
2 0 2
2 0 2
2 0 2
2 0 2
2 0 2
2 0 2
2 0 2
2 0 2
2 0 2
2 0 2
2 0 2
2 0 2
2 0 2
2 0 2
2 0 2
2 0 2
2 0 2
2 0 2
2 0 2
2 0 2
2 0 2
2 0 2
2 0 2
2 0 2
2 0 2
2 0 2
2 0 2
2 0 2
2 0 2
2 0 2
2 0 2
2 0 2
2 0 2
2 0 2
2 0 2
2 0 2
2 0 2
2 0 2
2 0 2
2 0 2
2 0 2
2 0 2
2 0 2
2 0 2
2 0 2
2 0 2
2 0 2
2 0 2
2 0 2
2 0 2
2 0 2
2 0 2
2 0 2
2 0 2
2 0 2
2 0 2
2 0 2
2 0 2
2 0 2
2 0 2
2 0 2
2 0 2
2 0 2
2 0 2
2 0 2
2 0 2
2 0 2
2 0 2
2 0 2
2 0 2
2 0 2
2 0 2
2 0 2
2 0 2
2 0 2
2 0 2
2 0 2
2 0 2
2 0 2
2 0 2
2 0 2
2 0 2
2 0 2
2 0 2
2 0 2
2 0 2
2 0 2
2 0 2
2 0 2
2 0 2
2 0 2
2 0 2
2 0 2
2 0 2
2 0 2
2 0 2
2 0 2
2 0 2
2 0 2
2 0 2
2 0 2
2 0 2
2 0 2
2 0 2
2 0 2
2 0 2
2 0 2
2 0 2
2 0 2
2 0 2
2 0 2
2 0 2
2 0 2
2 0 2
2 0 2
2 0 2
2 0 2
2 0 2
2 0 2
2 0 2
2 0 2
2 0 2
2 0 2
2 0 2
2 0 2
2 0 2
2 0 2
2 0 2
2 0 2
2 0 2
2 0 2
2 0 2
2 0 2
2 0 2
2 0 2
2 0 2
2 0 2
2 0 2
2 0 2
2 0 2
2 0 2
2 0 2
2 0 2
2 0 2
2 0 2
2 0 2
2 0 2
2 0 2
2 0 2
2 0 2
2 0 2
2 0 2
2 0 2
2 0 2
2 0 2
2 0 2
2 0 2
2 0 2
2 0 2
2 0 2
2 0 2
2 0 2
2 0 2
2 0 2
2 0 2
2 0 2
2 0 2
2 0 2
2 0 2
2 0 2
2 0 2
2 0 2
2 0 2
2 0 2
2 0 2
2 0 2
2 0 2
2 0 2
2 0 2
2 0 2
2 0 2
2 0 2
2 0 2
2 0 2
2 0 2
2 0 2
2 0 2
2 0 2
2 0 2
2 0 2
2 0 2
2 0 2
2 0 2
2 0 2
2 0 2
2 0 2
2 0 2
2 0 2
2 0 2
2 0 2
2 0 2
2 0 2
2 0 2
2 0 2
2 0 2
2 0 2
2 0 2
2 0 2
2 0 2
2 0 2
2 0 2
2 0 2
2 0 2
2 0 2
2 0 2
2 0 2
2 0 2
2 0 2
2 0 2
2 0 2
2 0 2
2 0 2
2 0 2
2 0 2
2 0 2
2 0 2
2 0 2
2 0 2
2 0 2
2 0 2
2 0 2
2 0 2
2 0 2
2 0 2
2 0 2
2 0 2
2 0 2
2 0 2
2 0 2
2 0 2
2 0 2
2 0 2
2 0 2
2 0 2
2 0 2
2 0 2
2 0 2
2 0 2
2 0 2
2 0 2
2 0 2
2 0 2
2 0 2
2 0 2
2 0 2
2 0 2
2 0 2
2 0 2
2 0 2
2 0 2
2 0 2
2 0 2
2 0 2
2 0 2
2 0 2
2 0 2
2 0 2
2 0 2
2 0 2
2 0 2
2 0 2
2 0 2
2 0 2
2 0 2
2 0 2
2 0 2
2 0 2
2 0 2
2 0 2
2 0 2
2 0 2
2 0 2
2 0 2
2 0 2
2 0 2
2 0 2
2 0 2
2 0 2
2 0 2
2 0 2
2 0 2
2 0 2
2 0 2
2 0 2
2 0 2
2 0 2
2 0 2
2 0 2
2 0 2
2 0 2
2 0 2
2 0 2
2 0 2
2 0 2
2 0 2
2 0 2
2 0 2
2 0 2
2 0 2
2 0 2
2 0 2
2 0 2
2 0 2
2 0 2
2 0 2
2 0 2
2 0 2
2 0 2
2 0 2
2 0 2
2 0 2
2 0 2
2 0 2
2 0 2
2 0 2
2 0 2
2 0 2
2 0 2
2 0 2
2 0 2
2 0 2
2 0 2
2 0 2
2 0 2
2 0 2
2 0 2
2 0 2
2 0 2
2 0 2
2 0 2
2 0 2
2 0 2
2 0 2
2 0 2
2 0 2
2 0 2
2 0 2
2 0 2
2 0 2
2 0 2
2 0 2
2 0 2
2 0 2
2 0 2
2 0 2
2 0 2
2 0 2
2 0 2
2 0 2
2 0 2
2 0 2
2 0 2
2 0 2
2 0 2
2 0 2
2 0 2
2 0 2
2 0 2
2 0 2
2 0 2
2 0 2
2 0 2
2 0 2
2 0 2
2 0 2
2 0 2
2 0 2
2 0 2
2 0 2
2 0 2
2 0 2
2 0 2
2 0 2
2 0 2
2 0 2
2 0 2
2 0 2
2 0 2
2 0 2
2 0 2
2 0 2
2 0 2
2 0 2
2 0 2
2 0 2
2 0 2
2 0 2
2 0 2
2 0 2
2 0 2
2 0 2
2 0 2
2 0 2
2 0 2
2 0 2
2 0 2
2 0 2
2 0 2
2 0 2
2 0 2
2 0 2
2 0 2
2 0 2
2 0 2
2 0 2
2 0 2
2 0 2
2 0 2
2 0 2
2 0 2
2 0 2
2 0 2
2 0 2
2 0 2
2 0 2
2 0 2
2 0 2
2 0 2
2 0 2
2 0 2
2 0 2
2 0 2
2 0 2
2 0 2
2 0 2
2 0 2
2 0 2
2 0 2
2 0 2
2 0 2
2 0 2
2 0 2
2 0 2
2 0 2
2 0 2
2 0 2
2 0 2
2 0 2
2 0 2
2 0 2
2 0 2
2 0 2
2 0 2
2 0 2
2 0 2
2 0 2
2 0 2
2 0 2
2 0 2
2 0 2
2 0 2
2 0 2
2 0 2
2 0 2
2 0 2
2 0 2
2 0 2
2 0 2
2 0 2
2 0 2
2 0 2
2 0 2
2 0 2
2 0 2
2 0 2
2 0 2
2 0 2
2 0 2
2 0 2
2 0 2
2 0 2
2 0 2
2 0 2
2 0 2
2 0 2
2 0 2
2 0 2
2 0 2
2 0 2
2 0 2
2 0 2
2 0 2
2 0 2
2 0 2
2 0 2
2 0 2
2 0 2
2 0 2
2 0 2
2 0 2
2 0 2
2 0 2
2 0 2
2 0 2
2 0 2
2 0 2
2 0 2
2 0 2
2 0 2
2 0 2
2 0 2
2 0 2
2 0 2
2 0 2
2 0 2
2 0 2
2 0 2
2 0 2
2 0 2
2 0 2
2 0 2
2 0 2
2 0 2
2 0 2
2 0 2
2 0 2
2 0 2
2 0 2
2 0 2
2 0 2
2 0 2
2 0 2
2 0 2
2 0 2
2 0 2
2 0 2
2 0 2
2 0 2
2 0 2
2 0 2
2 0 2
2 0 2
2 0 2
2 0 2
2 0 2
2 0 2
2 0 2
2 0 2
2 0 2
2 0 2
2 0 2
2 0 2
2 0 2
2 0 2
2 0 2
2 0 2
2 0 2
2 0 2
2 0 2
2 0 2
2 0 2
2 0 2
2 0 2
2 0 2
2 0 2
2 0 2
2 0 2
2 0 2
2 0 2
2 0 2
2 0 2
2 0 2
2 0 2
2 0 2
2 0 2
2 0 2
2 0 2
2 0 2
2 0 2
2 0 2
2 0 2
2 0 2
2 0 2
2 0 2
2 0 2
2 0 2
2 0 2
2 0 2
2 0 2
2 0 2
2 0 2
2 0 2
2 0 2
2 0 2
2 0 2
2 0 2
2 0 2
2 0 2
2 0 2
2 0 2
2 0 2
2 0 2
2 0 2
2 0 2
2 0 2
2 0 2
2 0 2
2 0 2
2 0 2
2 0 2
2 0 2
2 0 2
2 0 2
2 0 2
2 0 2
2 0 2
2 0 2
2 0 2
2 0 2
2 0 2
2 0 2
2 0 2
2 0 2
2 0 2
2 0 2
2 0 2
2 0 2
2 0 2
2 0 2
2 0 2
2 0 2
2 0 2
2 0 2
2 0 2
2 0 2
2 0 2
2 0 2
2 0 2
2 0 2
2 0 2
2 0 2
2 0 2
2 0 2
2 0 2
2 0 2
2 0 2
2 0 2
2 0 2
2 0 2
2 0 2
2 0 2
2 0 2
2 0 2
2 0 2
2 0 2
2 0 2
2 0 2
2 0 2
2 0 2
2 0 2
2 0 2
2 0 2
2 0 2
2 0 2
2 0 2
2 0 2
2 0 2
2 0 2
2 0 2
2 0 2
2 0 2
2 0 2
2 0 2
2 0 2
2 0 2
2 0 2
2 0 2
2 0 2
2 0 2
2 0 2
2 0 2
2 0 2
2 0 2
2 0 2
2 0 2
2 0 2
2 0 2
2 0 2
2 0 2
2 0 2
2 0 2
2 0 2
2 0 2
2 0 2
2 0 2
2 0 2
2 0 2
2 0 2
2 0 2
2 0 2
2 0 2
2 0 2
2 0 2
2 0 2
2 0 2
2 0 2
2 0 2
2 0 2
2 0 2
2 0 2
2 0 2
2 0 2
2 0 2
2 0 2
2 0 2
2 0 2
2 0 2
2 0 2
2 0 2
2 0 2
2 0 2
2 0 2
2 0 2
2 0 2
2 0 2
2 0 2
2 0 2
2 0 2
2 0 2
2 0 2
2 0 2
2 0 2
2 0 2
2 0 2
2 0 2
2 0 2
2 0 2
2 0 2
2 0 2
2 0 2
2 0 2
2 0 2
2 0 2
2 0 2
2 0 2
2 0 2
2 0 2
2 0 2
2 0 2
2 0 2
2 0 2
2 0 2
2 0 2
2 0 2
2 0 2
2 0 2
2 0 2
2 0 2
2 0 2
2 0 2
2 0 2
2 0 2
2 0 2
2 0 2
2 0 2
2 0 2
2 0 2
2 0 2
2 0 2
2 0 2
2 0 2
2 0 2
2 0 2
2 0 2
2 0 2
2 0 2
2 0 2
2 0 2
2 0 2
2 0 2
2 0 2
2 0 2
2 0 2
2 0 2
2 0 2
2 0 2
2 0 2
2 0 2
2 0 2
2 0 2
2 0 2
2 0 2
2 0 2
2 0 2
2 0 2
2 0 2
2 0 2
2 0 2
2 0 2
2 0 2
2 0 2
2 0 2
2 0 2
2 0 2
2 0 2
2 0 2
2 0 2
2 0 2
2 0 2
2 0 2
2 0 2
2 0 2
2 0 2
2 0 2
2 0 2
2 0 2
2 0 2
2 0 2
2 0 2
2 0 2
2 0 2
2 0 2
2 0 2
2 0 2
2 0 2
2 0 2
2 0 2
2 0 2
2 0 2
2 0 2
2 0 2
2 0 2
2 0 2
2 0 2
2 0 2
2 0 2
2 0 2
2 0 2
2 0 2
2 0 2
2 0 2
2 0 2
2 0 2
2 0 2
2 0 2
2 0 2
2 0 2
2 0 2
2 0 2
2 0 2
2 0 2
2 0 2
2 0 2
2 0 2
2 0 2
2 0 2
2 0 2
2 0 2
2 0 2
2 0 2
2 0 2
2 0 2
2 0 2
2 0 2
2 0 2
2 0 2
2 0 2
2 0 2
2 0 2
2 0 2
2 0 2
2 0 2
2 0 2
2 0 2
2 0 2
2 0 2
2 0 2
2 0 2
2 0 2
2 0 2
2 0 2
2 0 2
2 0 2
2 0 2
2 0 2
2 0 2
2 0 2
2 0 2
2 0 2
2 0 2
2 0 2
2 0 2
2 0 2
2 0 2
2 0 2
2 0 2
2 0 2
2 0 2
2 0 2
2 0 2
2 0 2
2 0 2
2 0 2
2 0 2
2 0 2
2 0 2
2 0 2
2 0 2
2 0 2
2 0 2
2 0 2
2 0 2
2 0 2
2 0 2
2 0 2
2 0 2
2 0 2
2 0 2
2 0 2
2 0 2
2 0 2
2 0 2
2 0 2
2 0 2
2 0 2
2 0 2
2 0 2
2 0 2
2 0 2
2 0 2
2 0 2
2 0 2
2 0 2
2 0 2
2 0 2
2 0 2
2 0 2
2 0 2
2 0 2
2 0 2
2 0 2
2 0 2
2 0 2
2 0 2
2 0 2
2 0 2
2 0 2
2 0 2
2 0 2
2 0 2
2 0 2
2 0 2
2 0 2
2 0 2
2 0 2
2 0 2
2 0 2
2 0 2
2 0 2
2 0 2
2 0 2
2 0 2
2 0 2
2 0 2
2 0 2
2 0 2
2 0 2
2 0 2
2 0 2
2 0 2
2 0 2
2 0 2
2 0 2
2 0 2
2 0 2
2 0 2
2 0 2
2 0 2
2 0 2
2 0 2
2 0 2
2 0 2
2 0 2
2 0 2
2 0 2
2 0 2
2 0 2
2 0 2
2 0 2
2 0 2
2 0 2
2 0 2
2 0 2
2 0 2
2 0 2
2 0 2
2 0 2
2 0 2
2 0 2
2 0 2
2 0 2
2 0 2
2 0 2
2 0 2
2 0 2
2 0 2
2 0 2
2 0 2
2 0 2
2 0 2
2 0 2
2 0 2
2 0 2
2 0 2
2 0 2
2 0 2
2 0 2
2 0 2
2 0 2
2 0 2
2 0 2
2 0 2
2 0 2
2 0 2
2 0 2
2 0 2
2 0 2
2 0 2
2 0 2
2 0 2
2 0 2
2 0 2
2 0 2
2 0 2
2 0 2
2 0 2
2 0 2
2 0 2
2 0 2
2 0 2
2 0 2
2 0 2
2 0 2
2 0 2
2 0 2
2 0 2
2 0 2
2 0 2
2 0 2
2 0 2
2 0 2
2 0 2
2 0 2
2 0 2
2 0 2
2 0 2
2 0 2
2 0 2
2 0 2
2 0 2
2 0 2
2 0 2
2 0 2
2 0 2
2 0 2
2 0 2
2 0 2
2 0 2
2 0 2
2 0 2
2 0 2
2 0 2
2 0 2
2 0 2
2 0 2
2 0 2
2 0 2
2 0 2
2 0 2
2 0 2
2 0 2
2 0 2
2 0 2
2 0 2
2 0 2
2 0 2
2 0 2
2 0 2
2 0 2
2 0 2
2 0 2
2 0 2
2 0 2
2 0 2
2 0 2
2 0 2
2 0 2
2 0 2
2 0 2
2 0 2
2 0 2
2 0 2
2 0 2
2 0 2
2 0 2
2 0 2
2 0 2
2 0 2
2 0 2
2 0 2
2 0 2
2 0 2
2 0 2
2 0 2
2 0 2
2 0 2
2 0 2
2 0 2
2 0 2
2 0 2
2 0 2
2 0 2
2 0 2
2 0 2
2 0 2
2 0 2
2 0 2
2 0 2
2 0 2
2 0 2
2 0 2
2 0 2
2 0 2
2 0 2
2 0 2
2 0 2
2 0 2
2 0 2
2 0 2
2 0 2
2 0 2
2 0 2
2 0 2
2 0 2
2 0 2
2 0 2
2 0 2
2 0 2
2 0 2
2 0 2
2 0 2
2 0 2
2 0 2
2 0 2
2 0 2
2 0 2
2 0 2
2 0 2
2 0 2
2 0 2
2 0 2
2 0 2
2 0 2
2 0 2
2 0 2
2 0 2
2 0 2
2 0 2
2 0 2
2 0 2
2 0 2
2 0 2
2 0 2
2 0 2
2 0 2
2 0 2
2 0 2
2 0 2
2 0 2
2 0 2
2 0 2
2 0 2
2 0 2
2 0 2
2 0 2
2 0 2
2 0 2
2 0 2
2 0 2
2 0 2
2 0 2
2 0 2
2 0 2
2 0 2
2 0 2
2 0 2
2 0 2
2 0 2
2 0 2
2 0 2
2 0 2
2 0 2
2 0 2
2 0 2
2 0 2
2 0 2
2 0 2
2 0 2
2 0 2
2 0 2
2 0 2
2 0 2
2 0 2
2 0 2
2 0 2
2 0 2
2 0 2
2 0 2
2 0 2
2 0 2
2 0 2
2 0 2
2 0 2
2 0 2
2 0 2
2 0 2
2 0 2
2 0 2
2 0 2
2 0 2
2 0 2
2 0 2
2 0 2
2 0 2
2 0 2
2 0 2
2 0 2
2 0 2
2 0 2
2 0 2
2 0 2
2 0 2
2 0 2
2 0 2
2 0 2
2 0 2
2 0 2
2 0 2
2 0 2
2 0 2
2 0 2
2 0 2
2 0 2
2 0 2
2 0 2
2 0 2
2 0 2
2 0 2
2 0 2
2 0 2
2 0 2
2 0 2
2 0 2
2 0 2
2 0 2
2 0 2
2 0 2
2 0 2
2 0 2
2 0 2
2 0 2
2 0 2
2 0 2
2 0 2
2 0 2
2 0 2
2 0 2
2 0 2
2 0 2
2 0 2
2 0 2
2 0 2
2 0 2
2 0 2
2 0 2
2 0 2
2 0 2
2 0 2
2 0 2
2 0 2
2 0 2
2 0 2
2 0 2
2 0 2
2 0 2
2 0 2
2 0 2
2 0 2
2 0 2
2 0 2
2 0 2
2 0 2
2 0 2
2 0 2
2 0 2
2 0 2
2 0 2
2 0 2
2 0 2
2 0 2
2 0 2
2 0 2
2 0 2
2 0 2
2 0 2
2 0 2
2 0 2
2 0 2
2 0 2
2 0 2
2 0 2
2 0 2
2 0 2
2 0 2
2 0 2
2 0 2
2 0 2
2 0 2
2 0 2
2 0 2
2 0 2
2 0 2
2 0 2
2 0 2
2 0 2
2 0 2
2 0 2
2 0 2
2 0 2
2 0 2
2 0 2
2 0 2
2 0 2
2 0 2
2 0 2
2 0 2
2 0 2
2 0 2
2 0 2
2 0 2
2 0 2
2 0 2
2 0 2
2 0 2
2 0 2
2 0 2
2 0 2
2 0 2
2 0 2
2 0 2
2 0 2
2 0 2
2 0 2
2 0 2
2 0 2
2 0 2
2 0 2
2 0 2
2 0 2
2 0 2
2 0 2
2 0 2
2 0 2
2 0 2
2 0 2
2 0 2
2 0 2
2 0 2
2 0 2
2 0 2
2 0 2
2 0 2
2 0 2
2 0 2
2 0 2
2 0 2
2 0 2
2 0 2
2 0 2
2 0 2
2 0 2
2 0 2
2 0 2
2 0 2
2 0 2
2 0 2
2 0 2
2 0 2
2 0 2
2 0 2
2 0 2
2 0 2
2 0 2
2 0 2
2 0 2
2 0 2
2 0 2
2 0 2
2 0 2
2 0 2
2 0 2
2 0 2
2 0 2
2 0 2
2 0 2
2 0 2
2 0 2
2 0 2
2 0 2
2 0 2
2 0 2
2 0 2
2 0 2
2 0 2
2 0 2
2 0 2
2 0 2
2 0 2
2 0 2
2 0 2
2 0 2
2 0 2
2 0 2
2 0 2
2 0 2
2 0 2
2 0 2
2 0 2
2 0 2
2 0 2
2 0 2
2 0 2
2 0 2
2 0 2
2 0 2
2 0 2
2 0 2
2 0 2
2 0 2
2 0 2
2 0 2
2 0 2
2 0 2
2 0 2
2 0 2
2 0 2
2 0 2
2 0 2
2 0 2
2 0 2
2 0 2
2 0 2
2 0 2
2 0 2
2 0 2
2 0 2
2 0 2
2 0 2
2 0 2
2 0 2
2 0 2
2 0 2
2 0 2
2 0 2
2 0 2
2 0 2
2 0 2
2 0 2
2 0 2
2 0 2
2 0 2
2 0 2
2 0 2
2 0 2
2 0 2
2 0 2
2 0 2
2 0 2
2 0 2
2 0 2
2 0 2
2 0 2
2 0 2
2 0 2
2 0 2
2 0 2
2 0 2
2 0 2
2 0 2
2 0 2
2 0 2
2 0 2
2 0 2
2 0 2
2 0 2
2 0 2
2 0 2
2 0 2
2 0 2
2 0 2
2 0 2
2 0 2
2 0 2
2 0 2
2 0 2
2 0 2
2 0 2
2 0 2
2 0 2
2 0 2
2 0 2
2 0 2
2 0 2
2 0 2
2 0 2
2 0 2
2 0 2
2 0 2
2 0 2
2 0 2
2 0 2
2 0 2
2 0 2
2 0 2
2 0 2
2 0 2
2 0 2
2 0 2
2 0 2
2 0 2
2 0 2
2 0 2
2 0 2
2 0 2
2 0 2
2 0 2
2 0 2
2 0 2
2 0 2
2 0 2
2 0 2
2 0 2
2 0 2
2 0 2
2 0 2
2 0 2
2 0 2
2 0 2
2 0 2
2 0 2
2 0 2
2 0 2
2 0 2
2 0 2
2 0 2
2 0 2
2 0 2
2 0 2
2 0 2
2 0 2
2 0 2
2 0 2
2 0 2
2 0 2
2 0 2
2 0 2
2 0 2
2 0 2
2 0 2
2 0 2
2 0 2
2 0 2
2 0 2
2 0 2
2 0 2
2 0 2
2 0 2
2 0 2
2 0 2
2 0 2
2 0 2
2 0 2
2 0 2
2 0 2
2 0 2
2 0 2
2 0 2
2 0 2
2 0 2
2 0 2
2 0 2
2 0 2
2 0 2
2 0 2
2 0 2
2 0 2
2 0 2
2 0 2
2 0 2
2 0 2
2 0 2
2 0 2
2 0 2
2 0 2
2 0 2
2 0 2
2 0 2
2 0 2
2 0 2
2 0 2
2 0 2
2 0 2
2 0 2
2 0 2
2 0 2
2 0 2
2 0 2
2 0 2
2 0 2
2 0 2
2 0 2
2 0 2
2 0 2
2 0 2
2 0 2
2 0 2
2 0 2
2 0 2
2 0 2
2 0 2
2 0 2
2 0 2
2 0 2
2 0 2
2 0 2
2 0 2
2 0 2
2 0 2
2 0 2
2 0 2
2 0 2
2 0 2
2 0 2
2 0 2
2 0 2
2 0 2
2 0 2
2 0 2
2 0 2
2 0 2
2 0 2
2 0 2
2 0 2
2 0 2
2 0 2
2 0 2
2 0 2
2 0 2
2 0 2
2 0 2
2 0 2
2 0 2
2 0 2
2 0 2
2 0 2
2 0 2
2 0 2
2 0 2
2 0 2
2 0 2
2 0 2
2 0 2
2 0 2
2 0 2
2 0 2
2 0 2
2 0 2
2 0 2
2 0 2
2 0 2
2 0 2
2 0 2
2 0 2
2 0 2
2 0 2
2 0 2
2 0 2
2 0 2
2 0 2
2 0 2
2 0 2
2 0 2
2 0 2
2 0 2
2 0 2
2 0 2
2 0 2
2 0 2
2 0 2
2 0 2
2 0 2
2 0 2
2 0 2
2 0 2
2 0 2
2 0 2
2 0 2
2 0 2
2 0 2
2 0 2
2 0 2
2 0 2
2 0 2
2 0 2
2 0 2
2 0 2
2 0 2
2 0 2
2 0 2
2 0 2
2 0 2
2 0 2
2 0 2
2 0 2
2 0 2
2 0 2
2 0 2
2 0 2
2 0 2
2 0 2
2 0 2
2 0 2
2 0 2
2 0 2
2 0 2
2 0 2
2 0 2
2 0 2
2 0 2
2 0 2
2 0 2
2 0 2
2 0 2
2 0 2
2 0 2
2 0 2
2 0 2
2 0 2
2 0 2
2 0 2
2 0 2
2 0 2
2 0 2
2 0 2
2 0 2
2 0 2
2 0 2
2 0 2
2 0 2
2 0 2
2 0 2
2 0 2
2 0 2
2 0 2
2 0 2
2 0 2
2 0 2
2 0 2
2 0 2
2 0 2
2 0 2
2 0 2
2 0 2
2 0 2
2 0 2
2 0 2
2 0 2
2 0 2
2 0 2
2 0 2
2 0 2
2 0 2
2 0 2
2 0 2
2 0 2
2 0 2
2 0 2
2 0 2
2 0 2
2 0 2
2 0 2
2 0 2
2 0 2
2 0 2
2 0 2
2 0 2
2 0 2
2 0 2
2 0 2
2 0 2
2 0 2
2 0 2
2 0 2
2 0 2
2 0 2
2 0 2
2 0 2
2 0 2
2 0 2
2 0 2
2 0 2
2 0 2
2 0 2
2 0 2
2 0 2
2 0 2
2 0 2
2 0 2
2 0 2
2 0 2
2 0 2
2 0 2
2 0 2
2 0 2
2 0 2
2 0 2
2 0 2
2 0 2
2 0 2
2 0 2
2 0 2
2 0 2
2 0 2
2 0 2
2 0 2
2 0 2
2 0 2
2 0 2
2 0 2
2 0 2
2 0 2
2 0 2
2 0 2
2 0 2
2 0 2
2 0 2
2 0 2
2 0 2
2 0 2
2 0 2
2 0 2
2 0 2
2 0 2
2 0 2
2 0 2
2 0 2
2 0 2
2 0 2
2 0 2
2 0 2
2 0 2
2 0 2
2 0 2
2 0 2
2 0 2
2 0 2
2 0 2
2 0 2
2 0 2
2 0 2
2 0 2
2 0 2
2 0 2
2 0 2
2 0 2
2 0 2
2 0 2
2 0 2
2 0 2
2 0 2
2 0 2
2 0 2
2 0 2
2 0 2
2 0 2
2 0 2
2 0 2
2 0 2
2 0 2
2 0 2
2 0 2
2 0 2
2 0 2
2 0 2
2 0 2
2 0 2
2 0 2
2 0 2
2 0 2
2 0 2
2 0 2
2 0 2
2 0 2
2 0 2
2 0 2
2 0 2
2 0 2
2 0 2
2 0 2
2 0 2
2 0 2
2 0 2
2 0 2
2 0 2
2 0 2
2 0 2
2 0 2
2 0 2
2 0 2
2 0 2
2 0 2
2 0 2
2 0 2
2 0 2
2 0 2
2 0 2
2 0 2
2 0 2
2 0 2
2 0 2
2 0 2
2 0 2
2 0 2
2 0 2
2 0 2
2 0 2
2 0 2
2 0 2
2 0 2
2 0 2
2 0 2
2 0 2
2 0 2
2 0 2
2 0 2
2 0 2
2 0 2
2 0 2
2 0 2
2 0 2
2 0 2
2 0 2
2 0 2
2 0 2
2 0 2
2 0 2
2 0 2
2 0 2
2 0 2
2 0 2
2 0 2
2 0 2
2 0 2
2 0 2
2 0 2
2 0 2
2 0 2
2 0 2
2 0 2
2 0 2
2 0 2
2 0 2
2 0 2
2 0 2
2 0 2
2 0 2
2 0 2
2 0 2
2 0 2
2 0 2
2 0 2
2 0 2
2 0 2
2 0 2
2 0 2
2 0 2
2 0 2
2 0 2
2 0 2
2 0 2
2 0 2
2 0 2
2 0 2
2 0 2
2 0 2
2 0 2
2 0 2
2 0 2
2 0 2
2 0 2
2 0 2
2 0 2
2 0 2
2 0 2
2 0 2
2 0 2
2 0 2
2 0 2
2 0 2
2 0 2
2 0 2
2 0 2
2 0 2
2 0 2
2 0 2
2 0 2
2 0 2
2 0 2
2 0 2
2 0 2
2 0 2
2 0 2
2 0 2
2 0 2
2 0 2
2 0 2
2 0 2
2 0 2
2 0 2
2 0 2
2 0 2
2 0 2
2 0 2
2 0 2
2 0 2
2 0 2
2 0 2
2 0 2
2 0 2
2 0 2
2 0 2
2 0 2
2 0 2
2 0 2
2 0 2
2 0 2
2 0 2
2 0 2
2 0 2
2 0 2
2 0 2
2 0 2
2 0 2
2 0 2
2 0 2
2 0 2
2 0 2
2 0 2
2 0 2
2 0 2
2 0 2
2 0 2
2 0 2
2 0 2
2 0 2
2 0 2
2 0 2
2 0 2
2 0 2
2 0 2
2 0 2
2 0 2
2 0 2
2 0 2
2 0 2
2 0 2
2 0 2
2 0 2
2 0 2
2 0 2
2 0 2
2 0 2
2 0 2
2 0 2
2 0 2
2 0 2
2 0 2
2 0 2
2 0 2
2 0 2
2 0 2
2 0 2
2 0 2
2 0 2
2 0 2
2 0 2
2 0 2
2 0 2
2 0 2
2 0 2
2 0 2
2 0 2
2 0 2
2 0 2
2 0 2
2 0 2
2 0 2
2 0 2
2 0 2
2 0 2
2 0 2
2 0 2
2 0 2
2 0 2
2 0 2
2 0 2
2 0 2
2 0 2
2 0 2
2 0 2
2 0 2
2 0 2
2 0 2
2 0 2
2 0 2
2 0 2
2 0 2
2 0 2
2 0 2
2 0 2
2 0 2
2 0 2
2 0 2
2 0 2
2 0 2
2 0 2
2 0 2
2 0 2
2 0 2
2 0 2
2 0 2
2 0 2
2 0 2
2 0 2
2 0 2
2 0 2
2 0 2
2 0 2
2 0 2
2 0 2
2 0 2
2 0 2
2 0 2
2 0 2
2 0 2
2 0 2
2 0 2
2 0 2
2 0 2
2 0 2
2 0 2
2 0 2
2 0 2
2 0 2
2 0 2
2 0 2
2 0 2
2 0 2
2 0 2
2 0 2
2 0 2
2 0 2
2 0 2
2 0 2
2 0 2
2 0 2
2 0 2
2 0 2
2 0 2
2 0 2
2 0 2
2 0 2
2 0 2
2 0 2
2 0 2
2 0 2
2 0 2
2 0 2
2 0 2
2 0 2
2 0 2
2 0 2
2 0 2
2 0 2
2 0 2
2 0 2
2 0 2
2 0 2
2 0 2
2 0 2
2 0 2
2 0 2
2 0 2
2 0 2
2 0 2
2 0 2
2 0 2
2 0 2
2 0 2
2 0 2
2 0 2
2 0 2
2 0 2
2 0 2
2 0 2
2 0 2
2 0 2
2 0 2
2 0 2
2 0 2
2 0 2
2 0 2
2 0 2
2 0 2
2 0 2
2 0 2
2 0 2
2 0 2
2 0 2
2 0 2
2 0 2
2 0 2
2 0 2
2 0 2
2 0 2
2 0 2
2 0 2
2 0 2
2 0 2
2 0 2
2 0 2
2 0 2
2 0 2
2 0 2
2 0 2
2 0 2
2 0 2
2 0 2
2 0 2
2 0 2
2 0 2
2 0 2
2 0 2
2 0 2
2 0 2
2 0 2
2 0 2
2 0 2
2 0 2
2 0 2
2 0 2
2 0 2
2 0 2
2 0 2
2 0 2
2 0 2
2 0 2
2 0 2
2 0 2
2 0 2
2 0 2
2 0 2
2 0 2
2 0 2
2 0 2
2 0 2
2 0 2
2 0 2
2 0 2
2 0 2
2 0 2
2 0 2
2 0 2
2 0 2
2 0 2
2 0 2
2 0 2
2 0 2
2 0 2
2 0 2
2 0 2
2 0 2
2 0 2
2 0 2
2 0 2
2 0 2
2 0 2
2 0 2
2 0 2
2 0 2
2 0 2
2 0 2
2 0 2
2 0 2
2 0 2
2 0 2
2 0 2
2 0 2
2 0 2
2 0 2
2 0 2
2 0 2
2 0 2
2 0 2
2 0 2
2 0 2
2 0 2
2 0 2
2 0 2
2 0 2
2 0 2
2 0 2
2 0 2
2 0 2
2 0 2
2 0 2
2 0 2
2 0 2
2 0 2
2 0 2
2 0 2
2 0 2
2 0 2
2 0 2
2 0 2
2 0 2
2 0 2
2 0 2
2 0 2
2 0 2
2 0 2
2 0 2
2 0 2
2 0 2
2 0 2
2 0 2
2 0 2
2 0 2
2 0 2
2 0 2
2 0 2
2 0 2
2 0 2
2 0 2
2 0 2
2 0 2
2 0 2
2 0 2
2 0 2
2 0 2
2 0 2
2 0 2
2 0 2
2 0 2
2 0 2
2 0 2
2 0 2
2 0 2
2 0 2
2 0 2
2 0 2
2 0 2
2 0 2
2 0 2
2 0 2
2 0 2
2 0 2
2 0 2
2 0 2
2 0 2
2 0 2
2 0 2
2 0 2
2 0 2
2 0 2
2 0 2
2 0 2
2 0 2
2 0 2
2 0 2
2 0 2
2 0 2
2 0 2
2 0 2
2 0 2
2 0 2
2 0 2
2 0 2
2 0 2
2 0 2
2 0 2
2 0 2
2 0 2
2 0 2
2 0 2
2 0 2
2 0 2
2 0 2
2 0 2
2 0 2
2 0 2
2 0 2
2 0 2
2 0 2
2 0 2
2 0 2
2 0 2
2 0 2
2 0 2
2 0 2
2 0 2
2 0 2
2 0 2
2 0 2
2 0 2
2 0 2
2 0 2
2 0 2
2 0 2
2 0 2
2 0 2
2 0 2
2 0 2
2 0 2
2 0 2
2 0 2
2 0 2
2 0 2
2 0 2
2 0 2
2 0 2
2 0 2
2 0 2
2 0 2
2 0 2
2 0 2
2 0 2
2 0 2
2 0 2
2 0 2
2 0 2
2 0 2
2 0 2
2 0 2
2 0 2
2 0 2
2 0 2
2 0 2
2 0 2
2 0 2
2 0 2
2 0 2
2 0 2
2 0 2
2 0 2
2 0 2
2 0 2
2 0 2
2 0 2
2 0 2
2 0 2
2 0 2
2 0 2
2 0 2
2 0 2
2 0 2
2 0 2
2 0 2
2 0 2
2 0 2
2 0 2
2 0 2
2 0 2
2 0 2
2 0 2
2 0 2
2 0 2
2 0 2
2 0 2
2 0 2
2 0 2
2 0 2
2 0 2
2 0 2
2 0 2
2 0 2
2 0 2
2 0 2
2 0 2
2 0 2
2 0 2
2 0 2
2 0 2
2 0 2
2 0 2
2 0 2
2 0 2
2 0 2
2 0 2
2 0 2
2 0 2
2 0 2
2 0 2
2 0 2
2 0 2
2 0 2
2 0 2
2 0 2
2 0 2
2 0 2
2 0 2
2 0 2
2 0 2
2 0 2
2 0 2
2 0 2
2 0 2
2 0 2
2 0 2
2 0 2
2 0 2
2 0 2
2 0 2
2 0 2
2 0 2
2 0 2
2 0 2
2 0 2
2 0 2
2 0 2
2 0 2
2 0 2
2 0 2
2 0 2
2 0 2
2 0 2
2 0 2
2 0 2
2 0 2
2 0 2
2 0 2
2 0 2
2 0 2
2 0 2
2 0 2
2 0 2
2 0 2
2 0 2
2 0 2
2 0 2
2 0 2
2 0 2
2 0 2
2 0 2
2 0 2
2 0 2
2 0 2
2 0 2
2 0 2
2 0 2
2 0 2
2 0 2
2 0 2
2 0 2
2 0 2
2 0 2
2 0 2
2 0 2
2 0 2
2 0 2
2 0 2
2 0 2
2 0 2
2 0 2
2 0 2
2 0 2
2 0 2
2 0 2
2 0 2
2 0 2
2 0 2
2 0 2
2 0 2
2 0 2
2 0 2
2 0 2
2 0 2
2 0 2
2 0 2
2 0 2
2 0 2
2 0 2
2 0 2
2 0 2
2 0 2
2 0 2
2 0 2
2 0 2
2 0 2
2 0 2
2 0 2
2 0 2
2 0 2
2 0 2
2 0 2
2 0 2
2 0 2
2 0 2
2 0 2
2 0 2
2 0 2
2 0 2
2 0 2
2 0 2
2 0 2
2 0 2
2 0 2
2 0 2
2 0 2
2 0 2
2 0 2
2 0 2
2 0 2
2 0 2
2 0 2
2 0 2
2 0 2
2 0 2
2 0 2
2 0 2
2 0 2
2 0 2
2 0 2
2 0 2
2 0 2
2 0 2
2 0 2
2 0 2
2 0 2
2 0 2
2 0 2
2 0 2
2 0 2
2 0 2
2 0 2
2 0 2
2 0 2
2 0 2
2 0 2
2 0 2
2 0 2
2 0 2
2 0 2
2 0 2
2 0 2
2 0 2
2 0 2
2 0 2
2 0 2
2 0 2
2 0 2
2 0 2
2 0 2
2 0 2
2 0 2
2 0 2
2 0 2
2 0 2
2 0 2
2 0 2
2 0 2
2 0 2
2 0 2
2 0 2
2 0 2
2 0 2
2 0 2
2 0 2
2 0 2
2 0 2
2 0 2
2 0 2
2 0 2
2 0 2
2 0 2
2 0 2
2 0 2
2 0 2
2 0 2
2 0 2
2 0 2
2 0 2
2 0 2
2 0 2
2 0 2
2 0 2
2 0 2
2 0 2
2 0 2
2 0 2
2 0 2
2 0 2
2 0 2
2 0 2
2 0 2
2 0 2
2 0 2
2 0 2
2 0 2
2 0 2
2 0 2
2 0 2
2 0 2
2 0 2
2 0 2
2 0 2
2 0 2
2 0 2
2 0 2
2 0 2
2 0 2
2 0 2
2 0 2
2 0 2
2 0 2
2 0 2
2 0 2
2 0 2
2 0 2
2 0 2
2 0 2
2 0 2
2 0 2
2 0 2
2 0 2
2 0 2
2 0 2
2 0 2
2 0 2
2 0 2
2 0 2
2 0 2
2 0 2
2 0 2
2 0 2
2 0 2
2 0 2
2 0 2
2 0 2
2 0 2
2 0 2
2 0 2
2 0 2
2 0 2
2 0 2
2 0 2
2 0 2
2 0 2
2 0 2
2 0 2
2 0 2
2 0 2
2 0 2
2 0 2
2 0 2
2 0 2
2 0 2
2 0 2
2 0 2
2 0 2
2 0 2
2 0 2
2 0 2
2 0 2
2 0 2
2 0 2
2 0 2
2 0 2
2 0 2
2 0 2
2 0 2
2 0 2
2 0 2
2 0 2
2 0 2
2 0 2
2 0 2
2 0 2
2 0 2
2 0 2
2 0 2
2 0 2
2 0 2
2 0 2
2 0 2
2 0 2
2 0 2
2 0 2
2 0 2
2 0 2
2 0 2
2 0 2
2 0 2
2 0 2
2 0 2
2 0 2
2 0 2
2 0 2
2 0 2
2 0 2
2 0 2
2 0 2
2 0 2
2 0 2
2 0 2
2 0 2
2 0 2
2 0 2
2 0 2
2 0 2
2 0 2
2 0 2
2 0 2
2 0 2
2 0 2
2 0 2
2 0 2
2 0 2
2 0 2
2 0 2
2 0 2
2 0 2
2 0 2
2 0 2
2 0 2
2 0 2
2 0 2
2 0 2
2 0 2
2 0 2
2 0 2
2 0 2
2 0 2
2 0 2
2 0 2
2 0 2
2 0 2
2 0 2
2 0 2
2 0 2
2 0 2
2 0 2
2 0 2
2 0 2
2 0 2
2 0 2
2 0 2
2 0 2
2 0 2
2 0 2
2 0 2
2 0 2
2 0 2
2 0 2
2 0 2
2 0 2
2 0 2
2 0 2
2 0 2
2 0 2
2 0 2
2 0 2
2 0 2
2 0 2
2 0 2
2 0 2
2 0 2
2 0 2
2 0 2
2 0 2
2 0 2
2 0 2
2 0 2
2 0 2
2 0 2
2 0 2
2 0 2
2 0 2
2 0 2
2 0 2
2 0 2
2 0 2
2 0 2
2 0 2
2 0 2
2 0 2
2 0 2
2 0 2
2 0 2
2 0 2
2 0 2
2 0 2
2 0 2
2 0 2
2 0 2
2 0 2
2 0 2
2 0 2
2 0 2
2 0 2
2 0 2
2 0 2
2 0 2
2 0 2
2 0 2
2 0 2
2 0 2
2 0 2
2 0 2
2 0 2
2 0 2
2 0 2
2 0 2
2 0 2
2 0 2
2 0 2
2 0 2
2 0 2
2 0 2
2 0 2
2 0 2
2 0 2
2 0 2
2 0 2
2 0 2
2 0 2
2 0 2
2 0 2
2 0 2
2 0 2
2 0 2
2 0 2
2 0 2
2 0 2
2 0 2
2 0 2
2 0 2
2 0 2
2 0 2
2 0 2
2 0 2
2 0 2
2 0 2
2 0 2
2 0 2
2 0 2
2 0 2
2 0 2
2 0 2
2 0 2
2 0 2
2 0 2
2 0 2
2 0 2
2 0 2
2 0 2
2 0 2
2 0 2
2 0 2
2 0 2
2 0 2
2 0 2
2 0 2
2 0 2
2 0 2
2 0 2
2 0 2
2 0 2
2 0 2
2 0 2
2 0 2
2 0 2
2 0 2
2 0 2
2 0 2
2 0 2
2 0 2
2 0 2
2 0 2
2 0 2
2 0 2
2 0 2
2 0 2
2 0 2
2 0 2
2 0 2
2 0 2
2 0 2
2 0 2
2 0 2
2 0 2
2 0 2
2 0 2
2 0 2
2 0 2
2 0 2
2 0 2
2 0 2
2 0 2
2 0 2
2 0 2
2 0 2
2 0 2
2 0 2
2 0 2
2 0 2
2 0 2
2 0 2
2 0 2
2 0 2
2 0 2
2 0 2
2 0 2
2 0 2
2 0 2
2 0 2
2 0 2
2 0 2
2 0 2
2 0 2
2 0 2
2 0 2
2 0 2
2 0 2
2 0 2
2 0 2
2 0 2
2 0 2
2 0 2
2 0 2
2 0 2
2 0 2
2 0 2
2 0 2
2 0 2
2 0 2
2 0 2
2 0 2
2 0 2
2 0 2
2 0 2
2 0 2
2 0 2
2 0 2
2 0 2
2 0 2
2 0 2
2 0 2
2 0 2
2 0 2
2 0 2
2 0 2
2 0 2
2 0 2
2 0 2
2 0 2
2 0 2
2 0 2
2 0 2
2 0 2
2 0 2
2 0 2
2 0 2
2 0 2
2 0 2
2 0 2
2 0 2
2 0 2
2 0 2
2 0 2
2 0 2
2 0 2
2 0 2
2 0 2
2 0 2
2 0 2
2 0 2
2 0 2
2 0 2
2 0 2
2 0 2
2 0 2
2 0 2
2 0 2
2 0 2
2 0 2
2 0 2
2 0 2
2 0 2
2 0 2
2 0 2
2 0 2
2 0 2
2 0 2
2 0 2
2 0 2
2 0 2
2 0 2
2 0 2
2 0 2
2 0 2
2 0 2
2 0 2
2 0 2
2 0 2
2 0 2
2 0 2
2 0 2
2 0 2
2 0 2
2 0 2
2 0 2
2 0 2
2 0 2
2 0 2
2 0 2
2 0 2
2 0 2
2 0 2
2 0 2
2 0 2
2 0 2
2 0 2
2 0 2
2 0 2
2 0 2
2 0 2
2 0 2
2 0 2
2 0 2
2 0 2
2 0 2
2 0 2
2 0 2
2 0 2
2 0 2
2 0 2
2 0 2
2 0 2
2 0 2
2 0 2
2 0 2
2 0 2
2 0 2
2 0 2
2 0 2
2 0 2
2 0 2
2 0 2
2 0 2
2 0 2
2 0 2
2 0 2
2 0 2
2 0 2
2 0 2
2 0 2
2 0 2
2 0 2
2 0 2
2 0 2
2 0 2
2 0 2
2 0 2
2 0 2
2 0 2
2 0 2
2 0 2
2 0 2
2 0 2
2 0 2
2 0 2
2 0 2
2 0 2
2 0 2
2 0 2
2 0 2
2 0 2
2 0 2
2 0 2
2 0 2
2 0 2
2 0 2
2 0 2
2 0 2
2 0 2
2 0 2
2 0 2
2 0 2
2 0 2
2 0 2
2 0 2
2 0 2
2 0 2
2 0 2
2 0 2
2 0 2
2 0 2
2 0 2
2 0 2
2 0 2
2 0 2
2 0 2
2 0 2
2 0 2
2 0 2
2 0 2
2 0 2
2 0 2
2 0 2
2 0 2
2 0 2
2 0 2
2 0 2
2 0 2
2 0 2
2 0 2
2 0 2
2 0 2
2 0 2
2 0 2
2 0 2
2 0 2
2 0 2
2 0 2
2 0 2
2 0 2
2 0 2
2 0 2
2 0 2
2 0 2
2 0 2
2 0 2
2 0 2
2 0 2
2 0 2
2 0 2
2 0 2
2 0 2
2 0 2
2 0 2
2 0 2
2 0 2
2 0 2
2 0 2
2 0 2
2 0 2
2 0 2
2 0 2
2 0 2
2 0 2
2 0 2
2 0 2
2 0 2
2 0 2
2 0 2
2 0 2
2 0 2
2 0 2
2 0 2
2 0 2
2 0 2
2 0 2
2 0 2
2 0 2
2 0 2
2 0 2
2 0 2
2 0 2
2 0 2
2 0 2
2 0 2
2 0 2
2 0 2
2 0 2
2 0 2
2 0 2
2 0 2
2 0 2
2 0 2
2 0 2
2 0 2
2 0 2
2 0 2
2 0 2
2 0 2
2 0 2
2 0 2
2 0 2
2 0 2
2 0 2
2 0 2
2 0 2
2 0 2
2 0 2
2 0 2
2 0 2
2 0 2
2 0 2
2 0 2
2 0 2
2 0 2
2 0 2
2 0 2
2 0 2
2 0 2
2 0 2
2 0 2
2 0 2
2 0 2
2 0 2
2 0 2
2 0 2
2 0 2
2 0 2
2 0 2
2 0 2
2 0 2
2 0 2
2 0 2
2 0 2
2 0 2
2 0 2
2 0 2
2 0 2
2 0 2
2 0 2
2 0 2
2 0 2
2 0 2
2 0 2
2 0 2
2 0 2
2 0 2
2 0 2
2 0 2
2 0 2
2 0 2
2 0 2
2 0 2
2 0 2
2 0 2
2 0 2
2 0 2
2 0 2
2 0 2
2 0 2
2 0 2
2 0 2
2 0 2
2 0 2
2 0 2
2 0 2
2 0 2
2 0 2
2 0 2
2 0 2
2 0 2
2 0 2
2 0 2
2 0 2
2 0 2
2 0 2
2 0 2
2 0 2
2 0 2
2 0 2
2 0 2
2 0 2
2 0 2
2 0 2
2 0 2
2 0 2
2 0 2
2 0 2
2 0 2
2 0 2
2 0 2
2 0 2
2 0 2
2 0 2
2 0 2
2 0 2
2 0 2
2 0 2
2 0 2
2 0 2
2 0 2
2 0 2
2 0 2
2 0 2
2 0 2
2 0 2
2 0 2
2 0 2
2 0 2
2 0 2
2 0 2
2 0 2
2 0 2
2 0 2
2 0 2
2 0 2
2 0 2
2 0 2
2 0 2
2 0 2
2 0 2
2 0 2
2 0 2
2 0 2
2 0 2
2 0 2
2 0 2
2 0 2
2 0 2
2 0 2
2 0 2
2 0 2
2 0 2
2 0 2
2 0 2
2 0 2
2 0 2
2 0 2
2 0 2
2 0 2
2 0 2
2 0 2
2 0 2
2 0 2
2 0 2
2 0 2
2 0 2
2 0 2
2 0 2
2 0 2
2 0 2
2 0 2
2 0 2
2 0 2
2 0 2
2 0 2
2 0 2
2 0 2
2 0 2
2 0 2
2 0 2
2 0 2
2 0 2
2 0 2
2 0 2
2 0 2
2 0 2
2 0 2
2 0 2
2 0 2
2 0 2
2 0 2
2 0 2
2 0 2
2 0 2
2 0 2
2 0 2
2 0 2
2 0 2
2 0 2
2 0 2
2 0 2
2 0 2
2 0 2
2 0 2
2 0 2
2 0 2
2 0 2
2 0 2
2 0 2
2 0 2
2 0 2
2 0 2
2 0 2
2 0 2
2 0 2
2 0 2
2 0 2
2 0 2
2 0 2
2 0 2
2 0 2
2 0 2
2 0 2
2 0 2
2 0 2
2 0 2
2 0 2
2 0 2
2 0 2
2 0 2
2 0 2
2 0 2
2 0 2
2 0 2
2 0 2
2 0 2
2 0 2
2 0 2
2 0 2
2 0 2
2 0 2
2 0 2
2 0 2
2 0 2
2 0 2
2 0 2
2 0 2
2 0 2
2 0 2
2 0 2
2 0 2
2 0 2
2 0 2
2 0 2
2 0 2
2 0 2
2 0 2
2 0 2
2 0 2
2 0 2
2 0 2
2 0 2
2 0 2
2 0 2
2 0 2
2 0 2
2 0 2
2 0 2
2 0 2
2 0 2
2 0 2
2 0 2
2 0 2
2 0 2
2 0 2
2 0 2
2 0 2
2 0 2
2 0 2
2 0 2
2 0 2
2 0 2
2 0 2
2 0 2
2 0 2
2 0 2
2 0 2
2 0 2
2 0 2
2 0 2
2 0 2
2 0 2
2 0 2
2 0 2
2 0 2
2 0 2
2 0 2
2 0 2
2 0 2
2 0 2
2 0 2
2 0 2
2 0 2
2 0 2
2 0 2
2 0 2
2 0 2
2 0 2
2 0 2
2 0 2
2 0 2
2 0 2
2 0 2
2 0 2
2 0 2
2 0 2
2 0 2
2 0 2
2 0 2
2 0 2
2 0 2
2 0 2
2 0 2
2 0 2
2 0 2
2 0 2
2 0 2
2 0 2
2 0 2
2 0 2
2 0 2
2 0 2
2 0 2
2 0 2
2 0 2
2 0 2
2 0 2
2 0 2
2 0 2
2 0 2
2 0 2
2 0 2
2 0 2
2 0 2
2 0 2
2 0 2
2 0 2
2 0 2
2 0 2
2 0 2
2 0 2
2 0 2
2 0 2
2 0 2
2 0 2
2 0 2
2 0 2
2 0 2
2 0 2
2 0 2
2 0 2
2 0 2
2 0 2
2 0 2
2 0 2
2 0 2
2 0 2
2 0 2
2 0 2
2 0 2
2 0 2
2 0 2
2 0 2
2 0 2
2 0 2
2 0 2
2 0 2
2 0 2
2 0 2
2 0 2
2 0 2
2 0 2
2 0 2
2 0 2
2 0 2
2 0 2
2 0 2
2 0 2
2 0 2
2 0 2
2 0 2
2 0 2
2 0 2
2 0 2
2 0 2
2 0 2
2 0 2
2 0 2
2 0 2
2 0 2
2 0 2
2 0 2
2 0 2
2 0 2
2 0 2
2 0 2
2 0 2
2 0 2
2 0 2
2 0 2
2 0 2
2 0 2
2 0 2
2 0 2
2 0 2
2 0 2
2 0 2
2 0 2
2 0 2
2 0 2
2 0 2
2 0 2
2 0 2
2 0 2
2 0 2
2 0 2
2 0 2
2 0 2
2 0 2
2 0 2
2 0 2
2 0 2
2 0 2
2 0 2
2 0 2
2 0 2
2 0 2
2 0 2
2 0 2
2 0 2
2 0 2
2 0 2
2 0 2
2 0 2
2 0 2
2 0 2
2 0 2
2 0 2
2 0 2
2 0 2
2 0 2
2 0 2
2 0 2
2 0 2
2 0 2
2 0 2
2 0 2
2 0 2
2 0 2
2 0 2
2 0 2
2 0 2
2 0 2
2 0 2
2 0 2
2 0 2
2 0 2
2 0 2
2 0 2
2 0 2
2 0 2
2 0 2
2 0 2
2 0 2
2 0 2
2 0 2
2 0 2
2 0 2
2 0 2
2 0 2
2 0 2
2 0 2
2 0 2
2 0 2
2 0 2
2 0 2
2 0 2
2 0 2
2 0 2
2 0 2
2 0 2
2 0 2
2 0 2
2 0 2
2 0 2
2 0 2
2 0 2
2 0 2
2 0 2
2 0 2
2 0 2
2 0 2
2 0 2
2 0 2
2 0 2
2 0 2
2 0 2
2 0 2
2 0 2
2 0 2
2 0 2
2 0 2
2 0 2
2 0 2
2 0 2
2 0 2
2 0 2
2 0 2
2 0 2
2 0 2
2 0 2
2 0 2
2 0 2
2 0 2
2 0 2
2 0 2
2 0 2
2 0 2
2 0 2
2 0 2
2 0 2
2 0 2
2 0 2
2 0 2
2 0 2
2 0 2
2 0 2
2 0 2
2 0 2
2 0 2
2 0 2
2 0 2
2 0 2
2 0 2
2 0 2
2 0 2
2 0 2
2 0 2
2 0 2
2 0 2
2 0 2
2 0 2
2 0 2
2 0 2
2 0 2
2 0 2
2 0 2
2 0 2
2 0 2
2 0 2
2 0 2
2 0 2
2 0 2
2 0 2
2 0 2
2 0 2
2 0 2
2 0 2
2 0 2
2 0 2
2 0 2
2 0 2
2 0 2
2 0 2
2 0 2
2 0 2
2 0 2
2 0 2
2 0 2
2 0 2
2 0 2
2 0 2
2 0 2
2 0 2
2 0 2
2 0 2
2 0 2
2 0 2
2 0 2
2 0 2
2 0 2
2 0 2
2 0 2
2 0 2
2 0 2
2 0 2
2 0 2
2 0 2
2 0 2
2 0 2
2 0 2
2 0 2
2 0 2
2 0 2
2 0 2
2 0 2
2 0 2
2 0 2
2 0 2
2 0 2
2 0 2
2 0 2
2 0 2
2 0 2
2 0 2
2 0 2
2 0 2
2 0 2
2 0 2
2 0 2
2 0 2
2 0 2
2 0 2
2 0 2
2 0 2
2 0 2
2 0 2
2 0 2
2 0 2
2 0 2
2 0 2
2 0 2
2 0 2
2 0 2
2 0 2
2 0 2
2 0 2
2 0 2
2 0 2
2 0 2
2 0 2
2 0 2
2 0 2
2 0 2
2 0 2
2 0 2
2 0 2
2 0 2
2 0 2
2 0 2
2 0 2
2 0 2
2 0 2
2 0 2
2 0 2
2 0 2
2 0 2
2 0 2
2 0 2
2 0 2
2 0 2
2 0 2
2 0 2
2 0 2
2 0 2
2 0 2
2 0 2
2 0 2
2 0 2
2 0 2
2 0 2
2 0 2
2 0 2
2 0 2
2 0 2
2 0 2
2 0 2
2 0 2
2 0 2
2 0 2
2 0 2
2 0 2
2 0 2
2 0 2
1 0 1
0
